#! /usr/bin/vvp
:ivl_version "10.3 (stable)";
:ivl_delay_selection "TYPICAL";
:vpi_time_precision + 0;
:vpi_module "system";
:vpi_module "vhdl_sys";
:vpi_module "v2005_math";
:vpi_module "va_math";
S_0x55e45fdb31e0 .scope module, "bench" "bench" 2 1;
 .timescale 0 0;
v0x55e45fe05d70_0 .var "CLK", 0 0;
RS_0x7fb99bbc43b8 .resolv tri, v0x55e45fe050d0_0, L_0x55e45fe1d2f0;
v0x55e45fe05e30_0 .net8 "LEDS", 4 0, RS_0x7fb99bbc43b8;  2 drivers
L_0x7fb99bb79018 .functor BUFT 1, C4<0>, C4<0>, C4<0>, C4<0>;
v0x55e45fe05ef0_0 .net "RESET", 0 0, L_0x7fb99bb79018;  1 drivers
v0x55e45fe06010_0 .var "RXD", 0 0;
L_0x7fb99bb79570 .functor BUFT 1, C4<0>, C4<0>, C4<0>, C4<0>;
v0x55e45fe060b0_0 .net "TXD", 0 0, L_0x7fb99bb79570;  1 drivers
v0x55e45fe061a0_0 .var "prev_LEDS", 4 0;
S_0x55e45fdaea40 .scope module, "uut" "SOC" 2 8, 3 3 0, S_0x55e45fdb31e0;
 .timescale 0 0;
    .port_info 0 /INPUT 1 "CLK"
    .port_info 1 /INPUT 1 "RESET"
    .port_info 2 /OUTPUT 5 "LEDS"
    .port_info 3 /INPUT 1 "RXD"
    .port_info 4 /OUTPUT 1 "TXD"
P_0x55e45fdd0e80 .param/l "EXECUTE" 1 3 129, +C4<00000000000000000000000000000010>;
P_0x55e45fdd0ec0 .param/l "FETCH_INSTR" 1 3 127, +C4<00000000000000000000000000000000>;
P_0x55e45fdd0f00 .param/l "FETCH_REGS" 1 3 128, +C4<00000000000000000000000000000001>;
P_0x55e45fdd0f40 .param/l "NOP_CODEOP" 1 4 60, C4<00000000000000000000000000110011>;
P_0x55e45fdd0f80 .param/l "a0" 1 4 664, +C4<00000000000000000000000000001010>;
P_0x55e45fdd0fc0 .param/l "a1" 1 4 665, +C4<00000000000000000000000000001011>;
P_0x55e45fdd1000 .param/l "a2" 1 4 666, +C4<00000000000000000000000000001100>;
P_0x55e45fdd1040 .param/l "a3" 1 4 667, +C4<00000000000000000000000000001101>;
P_0x55e45fdd1080 .param/l "a4" 1 4 668, +C4<00000000000000000000000000001110>;
P_0x55e45fdd10c0 .param/l "a5" 1 4 669, +C4<00000000000000000000000000001111>;
P_0x55e45fdd1100 .param/l "a6" 1 4 670, +C4<00000000000000000000000000010000>;
P_0x55e45fdd1140 .param/l "a7" 1 4 671, +C4<00000000000000000000000000010001>;
P_0x55e45fdd1180 .param/l "fp" 1 4 661, +C4<00000000000000000000000000001000>;
P_0x55e45fdd11c0 .param/l "gp" 1 4 656, +C4<00000000000000000000000000000011>;
P_0x55e45fdd1200 .param/l "ra" 1 4 654, +C4<00000000000000000000000000000001>;
P_0x55e45fdd1240 .param/l "s0" 1 4 662, +C4<00000000000000000000000000001000>;
P_0x55e45fdd1280 .param/l "s1" 1 4 663, +C4<00000000000000000000000000001001>;
P_0x55e45fdd12c0 .param/l "s10" 1 4 680, +C4<00000000000000000000000000011010>;
P_0x55e45fdd1300 .param/l "s11" 1 4 681, +C4<00000000000000000000000000011011>;
P_0x55e45fdd1340 .param/l "s2" 1 4 672, +C4<00000000000000000000000000010010>;
P_0x55e45fdd1380 .param/l "s3" 1 4 673, +C4<00000000000000000000000000010011>;
P_0x55e45fdd13c0 .param/l "s4" 1 4 674, +C4<00000000000000000000000000010100>;
P_0x55e45fdd1400 .param/l "s5" 1 4 675, +C4<00000000000000000000000000010101>;
P_0x55e45fdd1440 .param/l "s6" 1 4 676, +C4<00000000000000000000000000010110>;
P_0x55e45fdd1480 .param/l "s7" 1 4 677, +C4<00000000000000000000000000010111>;
P_0x55e45fdd14c0 .param/l "s8" 1 4 678, +C4<00000000000000000000000000011000>;
P_0x55e45fdd1500 .param/l "s9" 1 4 679, +C4<00000000000000000000000000011001>;
P_0x55e45fdd1540 .param/l "sp" 1 4 655, +C4<00000000000000000000000000000010>;
P_0x55e45fdd1580 .param/l "t0" 1 4 658, +C4<00000000000000000000000000000101>;
P_0x55e45fdd15c0 .param/l "t1" 1 4 659, +C4<00000000000000000000000000000110>;
P_0x55e45fdd1600 .param/l "t2" 1 4 660, +C4<00000000000000000000000000000111>;
P_0x55e45fdd1640 .param/l "t3" 1 4 682, +C4<00000000000000000000000000011100>;
P_0x55e45fdd1680 .param/l "t4" 1 4 683, +C4<00000000000000000000000000011101>;
P_0x55e45fdd16c0 .param/l "t5" 1 4 684, +C4<00000000000000000000000000011110>;
P_0x55e45fdd1700 .param/l "t6" 1 4 685, +C4<00000000000000000000000000011111>;
P_0x55e45fdd1740 .param/l "tp" 1 4 657, +C4<00000000000000000000000000000100>;
P_0x55e45fdd1780 .param/l "x0" 1 4 54, +C4<00000000000000000000000000000000>;
P_0x55e45fdd17c0 .param/l "x1" 1 4 54, +C4<00000000000000000000000000000001>;
P_0x55e45fdd1800 .param/l "x10" 1 4 55, +C4<00000000000000000000000000001010>;
P_0x55e45fdd1840 .param/l "x11" 1 4 55, +C4<00000000000000000000000000001011>;
P_0x55e45fdd1880 .param/l "x12" 1 4 55, +C4<00000000000000000000000000001100>;
P_0x55e45fdd18c0 .param/l "x13" 1 4 55, +C4<00000000000000000000000000001101>;
P_0x55e45fdd1900 .param/l "x14" 1 4 55, +C4<00000000000000000000000000001110>;
P_0x55e45fdd1940 .param/l "x15" 1 4 55, +C4<00000000000000000000000000001111>;
P_0x55e45fdd1980 .param/l "x16" 1 4 56, +C4<00000000000000000000000000010000>;
P_0x55e45fdd19c0 .param/l "x17" 1 4 56, +C4<00000000000000000000000000010001>;
P_0x55e45fdd1a00 .param/l "x18" 1 4 56, +C4<00000000000000000000000000010010>;
P_0x55e45fdd1a40 .param/l "x19" 1 4 56, +C4<00000000000000000000000000010011>;
P_0x55e45fdd1a80 .param/l "x2" 1 4 54, +C4<00000000000000000000000000000010>;
P_0x55e45fdd1ac0 .param/l "x20" 1 4 56, +C4<00000000000000000000000000010100>;
P_0x55e45fdd1b00 .param/l "x21" 1 4 56, +C4<00000000000000000000000000010101>;
P_0x55e45fdd1b40 .param/l "x22" 1 4 56, +C4<00000000000000000000000000010110>;
P_0x55e45fdd1b80 .param/l "x23" 1 4 56, +C4<00000000000000000000000000010111>;
P_0x55e45fdd1bc0 .param/l "x24" 1 4 57, +C4<00000000000000000000000000011000>;
P_0x55e45fdd1c00 .param/l "x25" 1 4 57, +C4<00000000000000000000000000011001>;
P_0x55e45fdd1c40 .param/l "x26" 1 4 57, +C4<00000000000000000000000000011010>;
P_0x55e45fdd1c80 .param/l "x27" 1 4 57, +C4<00000000000000000000000000011011>;
P_0x55e45fdd1cc0 .param/l "x28" 1 4 57, +C4<00000000000000000000000000011100>;
P_0x55e45fdd1d00 .param/l "x29" 1 4 57, +C4<00000000000000000000000000011101>;
P_0x55e45fdd1d40 .param/l "x3" 1 4 54, +C4<00000000000000000000000000000011>;
P_0x55e45fdd1d80 .param/l "x30" 1 4 57, +C4<00000000000000000000000000011110>;
P_0x55e45fdd1dc0 .param/l "x31" 1 4 57, +C4<00000000000000000000000000011111>;
P_0x55e45fdd1e00 .param/l "x4" 1 4 54, +C4<00000000000000000000000000000100>;
P_0x55e45fdd1e40 .param/l "x5" 1 4 54, +C4<00000000000000000000000000000101>;
P_0x55e45fdd1e80 .param/l "x6" 1 4 54, +C4<00000000000000000000000000000110>;
P_0x55e45fdd1ec0 .param/l "x7" 1 4 54, +C4<00000000000000000000000000000111>;
P_0x55e45fdd1f00 .param/l "x8" 1 4 55, +C4<00000000000000000000000000001000>;
P_0x55e45fdd1f40 .param/l "x9" 1 4 55, +C4<00000000000000000000000000001001>;
P_0x55e45fdd1f80 .param/l "zero" 1 4 653, +C4<00000000000000000000000000000000>;
L_0x55e45fd02890 .functor BUFZ 32, v0x55e45fe05520_0, C4<00000000000000000000000000000000>, C4<00000000000000000000000000000000>, C4<00000000000000000000000000000000>;
L_0x55e45fd02980 .functor OR 1, L_0x55e45fe06ce0, L_0x55e45fe06ab0, C4<0>, C4<0>;
L_0x55e45fd45120 .functor OR 1, L_0x55e45fe063c0, L_0x55e45fe06620, C4<0>, C4<0>;
L_0x55e45fcfc380 .functor OR 1, L_0x55e45fd45120, L_0x55e45fe06ce0, C4<0>, C4<0>;
L_0x55e45fdce580 .functor OR 1, L_0x55e45fcfc380, L_0x55e45fe06ab0, C4<0>, C4<0>;
L_0x55e45fe1bc70 .functor AND 1, L_0x55e45fe1ba30, L_0x55e45fdce580, C4<1>, C4<1>;
L_0x55e45fe1bd80 .functor AND 1, L_0x55e45fe06860, v0x55e45fe05a40_0, C4<1>, C4<1>;
v0x55e45fdff9c0_0 .var/i "ASMerror", 31 0;
v0x55e45fdffac0_0 .net "Bimm", 31 0, L_0x55e45fe19f10;  1 drivers
v0x55e45fdffba0_0 .net "CLK", 0 0, v0x55e45fe05d70_0;  1 drivers
v0x55e45fdffca0_0 .net "Iimm", 31 0, L_0x55e45fe18a50;  1 drivers
v0x55e45fdffd40_0 .net "Jimm", 31 0, L_0x55e45fe1a910;  1 drivers
v0x55e45fdffe70_0 .var/i "L0_", 31 0;
v0x55e45fdfff50_0 .net8 "LEDS", 4 0, RS_0x7fb99bbc43b8;  alias, 2 drivers
v0x55e45fe00030 .array "MEM", 255 0, 31 0;
v0x55e45fe000f0_0 .var "PC", 31 0;
v0x55e45fe001d0_0 .net "RESET", 0 0, L_0x7fb99bb79018;  alias, 1 drivers
v0x55e45fe00270_0 .net "RXD", 0 0, v0x55e45fe06010_0;  1 drivers
v0x55e45fe00310 .array "RegisterBank", 31 0, 31 0;
v0x55e45fe003d0_0 .net "Simm", 31 0, L_0x55e45fe190e0;  1 drivers
v0x55e45fe004b0_0 .net "TXD", 0 0, L_0x7fb99bb79570;  alias, 1 drivers
v0x55e45fe00570_0 .net "Uimm", 31 0, L_0x55e45fe18230;  1 drivers
L_0x7fb99bb790a8 .functor BUFT 1, C4<0010011>, C4<0>, C4<0>, C4<0>;
v0x55e45fe00650_0 .net/2u *"_s10", 6 0, L_0x7fb99bb790a8;  1 drivers
v0x55e45fe00730_0 .net *"_s100", 19 0, L_0x55e45fe19720;  1 drivers
v0x55e45fe00810_0 .net *"_s103", 0 0, L_0x55e45fe19a20;  1 drivers
v0x55e45fe008f0_0 .net *"_s105", 5 0, L_0x55e45fe19c10;  1 drivers
v0x55e45fe009d0_0 .net *"_s107", 3 0, L_0x55e45fe19cb0;  1 drivers
L_0x7fb99bb79378 .functor BUFT 1, C4<0>, C4<0>, C4<0>, C4<0>;
v0x55e45fe00ab0_0 .net/2u *"_s108", 0 0, L_0x7fb99bb79378;  1 drivers
v0x55e45fe00b90_0 .net *"_s113", 0 0, L_0x55e45fe1a120;  1 drivers
v0x55e45fe00c70_0 .net *"_s114", 11 0, L_0x55e45fe1a330;  1 drivers
v0x55e45fe00d50_0 .net *"_s117", 7 0, L_0x55e45fe1a420;  1 drivers
v0x55e45fe00e30_0 .net *"_s119", 0 0, L_0x55e45fe1a640;  1 drivers
v0x55e45fe00f10_0 .net *"_s121", 9 0, L_0x55e45fe1a6e0;  1 drivers
L_0x7fb99bb793c0 .functor BUFT 1, C4<0>, C4<0>, C4<0>, C4<0>;
v0x55e45fe00ff0_0 .net/2u *"_s122", 0 0, L_0x7fb99bb793c0;  1 drivers
v0x55e45fe010d0_0 .net *"_s131", 4 0, L_0x55e45fe1ae00;  1 drivers
v0x55e45fe011b0_0 .net *"_s133", 4 0, L_0x55e45fe1aef0;  1 drivers
v0x55e45fe01290_0 .net *"_s136", 0 0, L_0x55e45fd02980;  1 drivers
L_0x7fb99bb79408 .functor BUFT 1, C4<00000000000000000000000000000100>, C4<0>, C4<0>, C4<0>;
v0x55e45fe01350_0 .net/2u *"_s138", 31 0, L_0x7fb99bb79408;  1 drivers
v0x55e45fe01430_0 .net *"_s140", 31 0, L_0x55e45fe1b350;  1 drivers
v0x55e45fe01510_0 .net *"_s144", 31 0, L_0x55e45fe1b740;  1 drivers
L_0x7fb99bb79450 .functor BUFT 1, C4<000000000000000000000000000000>, C4<0>, C4<0>, C4<0>;
v0x55e45fe015f0_0 .net *"_s147", 29 0, L_0x7fb99bb79450;  1 drivers
L_0x7fb99bb79498 .functor BUFT 1, C4<00000000000000000000000000000010>, C4<0>, C4<0>, C4<0>;
v0x55e45fe016d0_0 .net/2u *"_s148", 31 0, L_0x7fb99bb79498;  1 drivers
v0x55e45fe017b0_0 .net *"_s15", 6 0, L_0x55e45fe067c0;  1 drivers
v0x55e45fe01890_0 .net *"_s150", 0 0, L_0x55e45fe1ba30;  1 drivers
v0x55e45fe01950_0 .net *"_s152", 0 0, L_0x55e45fd45120;  1 drivers
v0x55e45fe01a10_0 .net *"_s154", 0 0, L_0x55e45fcfc380;  1 drivers
v0x55e45fe01ad0_0 .net *"_s156", 0 0, L_0x55e45fdce580;  1 drivers
L_0x7fb99bb790f0 .functor BUFT 1, C4<1100011>, C4<0>, C4<0>, C4<0>;
v0x55e45fe01b90_0 .net/2u *"_s16", 6 0, L_0x7fb99bb790f0;  1 drivers
v0x55e45fe01c70_0 .net *"_s160", 0 0, L_0x55e45fe1bd80;  1 drivers
v0x55e45fe01d30_0 .net *"_s162", 31 0, L_0x55e45fe1be90;  1 drivers
v0x55e45fe01e10_0 .net *"_s164", 31 0, L_0x55e45fe1c220;  1 drivers
v0x55e45fe01ef0_0 .net *"_s166", 31 0, L_0x55e45fe1c310;  1 drivers
L_0x7fb99bb794e0 .functor BUFT 1, C4<00000000000000000000000000000100>, C4<0>, C4<0>, C4<0>;
v0x55e45fe01fd0_0 .net/2u *"_s168", 31 0, L_0x7fb99bb794e0;  1 drivers
v0x55e45fe020b0_0 .net *"_s170", 31 0, L_0x55e45fe1c5f0;  1 drivers
v0x55e45fe02190_0 .net *"_s172", 31 0, L_0x55e45fe1c690;  1 drivers
v0x55e45fe02270_0 .net *"_s174", 31 0, L_0x55e45fe1c980;  1 drivers
L_0x7fb99bb79528 .functor BUFT 1, C4<11111>, C4<0>, C4<0>, C4<0>;
v0x55e45fe02350_0 .net/2u *"_s178", 4 0, L_0x7fb99bb79528;  1 drivers
v0x55e45fe02430_0 .net *"_s181", 0 0, L_0x55e45fe1cea0;  1 drivers
v0x55e45fe02510_0 .net *"_s182", 4 0, L_0x55e45fe1cf40;  1 drivers
v0x55e45fe025f0_0 .net *"_s21", 6 0, L_0x55e45fe06a10;  1 drivers
L_0x7fb99bb79138 .functor BUFT 1, C4<1100111>, C4<0>, C4<0>, C4<0>;
v0x55e45fe026d0_0 .net/2u *"_s22", 6 0, L_0x7fb99bb79138;  1 drivers
v0x55e45fe027b0_0 .net *"_s27", 6 0, L_0x55e45fe06c40;  1 drivers
L_0x7fb99bb79180 .functor BUFT 1, C4<1101111>, C4<0>, C4<0>, C4<0>;
v0x55e45fe02890_0 .net/2u *"_s28", 6 0, L_0x7fb99bb79180;  1 drivers
v0x55e45fe02970_0 .net *"_s3", 6 0, L_0x55e45fe06290;  1 drivers
v0x55e45fe02a50_0 .net *"_s33", 6 0, L_0x55e45fe06e80;  1 drivers
L_0x7fb99bb791c8 .functor BUFT 1, C4<0010111>, C4<0>, C4<0>, C4<0>;
v0x55e45fe02b30_0 .net/2u *"_s34", 6 0, L_0x7fb99bb791c8;  1 drivers
v0x55e45fe02c10_0 .net *"_s39", 6 0, L_0x55e45fe070b0;  1 drivers
L_0x7fb99bb79060 .functor BUFT 1, C4<0110011>, C4<0>, C4<0>, C4<0>;
v0x55e45fe02cf0_0 .net/2u *"_s4", 6 0, L_0x7fb99bb79060;  1 drivers
L_0x7fb99bb79210 .functor BUFT 1, C4<0110111>, C4<0>, C4<0>, C4<0>;
v0x55e45fe02dd0_0 .net/2u *"_s40", 6 0, L_0x7fb99bb79210;  1 drivers
v0x55e45fe02eb0_0 .net *"_s45", 6 0, L_0x55e45fe07340;  1 drivers
L_0x7fb99bb79258 .functor BUFT 1, C4<0000011>, C4<0>, C4<0>, C4<0>;
v0x55e45fe02f90_0 .net/2u *"_s46", 6 0, L_0x7fb99bb79258;  1 drivers
v0x55e45fe03070_0 .net *"_s51", 6 0, L_0x55e45fe07590;  1 drivers
L_0x7fb99bb792a0 .functor BUFT 1, C4<0100011>, C4<0>, C4<0>, C4<0>;
v0x55e45fe03560_0 .net/2u *"_s52", 6 0, L_0x7fb99bb792a0;  1 drivers
v0x55e45fe03640_0 .net *"_s57", 6 0, L_0x55e45fe07840;  1 drivers
L_0x7fb99bb792e8 .functor BUFT 1, C4<1110011>, C4<0>, C4<0>, C4<0>;
v0x55e45fe03720_0 .net/2u *"_s58", 6 0, L_0x7fb99bb792e8;  1 drivers
v0x55e45fe03800_0 .net *"_s73", 0 0, L_0x55e45fe07fa0;  1 drivers
v0x55e45fe038e0_0 .net *"_s75", 18 0, L_0x55e45fe08150;  1 drivers
L_0x7fb99bb79330 .functor BUFT 1, C4<000000000000>, C4<0>, C4<0>, C4<0>;
v0x55e45fe039c0_0 .net/2u *"_s76", 11 0, L_0x7fb99bb79330;  1 drivers
v0x55e45fe03aa0_0 .net *"_s81", 0 0, L_0x55e45fe18510;  1 drivers
v0x55e45fe03b80_0 .net *"_s82", 20 0, L_0x55e45fe185b0;  1 drivers
v0x55e45fe03c60_0 .net *"_s85", 10 0, L_0x55e45fe189b0;  1 drivers
v0x55e45fe03d40_0 .net *"_s89", 0 0, L_0x55e45fe18c80;  1 drivers
v0x55e45fe03e20_0 .net *"_s9", 6 0, L_0x55e45fe06530;  1 drivers
v0x55e45fe03f00_0 .net *"_s90", 20 0, L_0x55e45fe18d20;  1 drivers
v0x55e45fe03fe0_0 .net *"_s93", 5 0, L_0x55e45fe19200;  1 drivers
v0x55e45fe040c0_0 .net *"_s95", 4 0, L_0x55e45fe192a0;  1 drivers
v0x55e45fe041a0_0 .net *"_s99", 0 0, L_0x55e45fe19540;  1 drivers
v0x55e45fe04280_0 .net "aluIn1", 31 0, L_0x55e45fd02890;  1 drivers
v0x55e45fe04360_0 .net "aluIn2", 31 0, L_0x55e45fe1ab20;  1 drivers
v0x55e45fe04440_0 .var "aluOut", 31 0;
v0x55e45fe04520_0 .net "clk", 0 0, L_0x55e45fe1d480;  1 drivers
v0x55e45fe045f0_0 .net "funct3", 2 0, L_0x55e45fe07ed0;  1 drivers
v0x55e45fe046b0_0 .net "funct7", 6 0, L_0x55e45fe07d30;  1 drivers
v0x55e45fe04790_0 .var/i "i", 31 0;
v0x55e45fe04870_0 .var "instr", 31 0;
v0x55e45fe04950_0 .net "isALUimm", 0 0, L_0x55e45fe06620;  1 drivers
v0x55e45fe04a10_0 .net "isALUreg", 0 0, L_0x55e45fe063c0;  1 drivers
v0x55e45fe04ad0_0 .net "isAUIPC", 0 0, L_0x55e45fe06f20;  1 drivers
v0x55e45fe04b90_0 .net "isBranch", 0 0, L_0x55e45fe06860;  1 drivers
v0x55e45fe04c50_0 .net "isJAL", 0 0, L_0x55e45fe06ce0;  1 drivers
v0x55e45fe04d10_0 .net "isJALR", 0 0, L_0x55e45fe06ab0;  1 drivers
v0x55e45fe04dd0_0 .net "isLUI", 0 0, L_0x55e45fe07150;  1 drivers
v0x55e45fe04e90_0 .net "isLoad", 0 0, L_0x55e45fe073e0;  1 drivers
v0x55e45fe04f50_0 .net "isSYSTEM", 0 0, L_0x55e45fe078e0;  1 drivers
v0x55e45fe05010_0 .net "isStore", 0 0, L_0x55e45fe07630;  1 drivers
v0x55e45fe050d0_0 .var "leds", 4 0;
v0x55e45fe051b0_0 .var/i "memPC", 31 0;
v0x55e45fe05290_0 .net "nextPC", 31 0, L_0x55e45fe1cb00;  1 drivers
v0x55e45fe05370_0 .net "rdId", 4 0, L_0x55e45fe07c60;  1 drivers
v0x55e45fe05450_0 .net "resetn", 0 0, L_0x55e45fe1d570;  1 drivers
v0x55e45fe05520_0 .var "rs1", 31 0;
v0x55e45fe055e0_0 .net "rs1Id", 4 0, L_0x55e45fe07b00;  1 drivers
v0x55e45fe056c0_0 .var "rs2", 31 0;
v0x55e45fe057a0_0 .net "rs2Id", 4 0, L_0x55e45fe077a0;  1 drivers
v0x55e45fe05880_0 .net "shamt", 4 0, L_0x55e45fe1b140;  1 drivers
v0x55e45fe05960_0 .var "state", 1 0;
v0x55e45fe05a40_0 .var "takeBranch", 0 0;
v0x55e45fe05b00_0 .net "writeBackData", 31 0, L_0x55e45fe1b600;  1 drivers
v0x55e45fe05be0_0 .net "writeBackEn", 0 0, L_0x55e45fe1bc70;  1 drivers
E_0x55e45fd43780 .event posedge, v0x55e45fdf3a10_0;
E_0x55e45fcfbc80 .event edge, v0x55e45fe045f0_0, v0x55e45fe05520_0, v0x55e45fe056c0_0;
E_0x55e45fcfbe80/0 .event edge, v0x55e45fe045f0_0, v0x55e45fe046b0_0, v0x55e45fe04870_0, v0x55e45fe04280_0;
E_0x55e45fcfbe80/1 .event edge, v0x55e45fe04360_0, v0x55e45fe05880_0;
E_0x55e45fcfbe80 .event/or E_0x55e45fcfbe80/0, E_0x55e45fcfbe80/1;
L_0x55e45fe06290 .part v0x55e45fe04870_0, 0, 7;
L_0x55e45fe063c0 .cmp/eq 7, L_0x55e45fe06290, L_0x7fb99bb79060;
L_0x55e45fe06530 .part v0x55e45fe04870_0, 0, 7;
L_0x55e45fe06620 .cmp/eq 7, L_0x55e45fe06530, L_0x7fb99bb790a8;
L_0x55e45fe067c0 .part v0x55e45fe04870_0, 0, 7;
L_0x55e45fe06860 .cmp/eq 7, L_0x55e45fe067c0, L_0x7fb99bb790f0;
L_0x55e45fe06a10 .part v0x55e45fe04870_0, 0, 7;
L_0x55e45fe06ab0 .cmp/eq 7, L_0x55e45fe06a10, L_0x7fb99bb79138;
L_0x55e45fe06c40 .part v0x55e45fe04870_0, 0, 7;
L_0x55e45fe06ce0 .cmp/eq 7, L_0x55e45fe06c40, L_0x7fb99bb79180;
L_0x55e45fe06e80 .part v0x55e45fe04870_0, 0, 7;
L_0x55e45fe06f20 .cmp/eq 7, L_0x55e45fe06e80, L_0x7fb99bb791c8;
L_0x55e45fe070b0 .part v0x55e45fe04870_0, 0, 7;
L_0x55e45fe07150 .cmp/eq 7, L_0x55e45fe070b0, L_0x7fb99bb79210;
L_0x55e45fe07340 .part v0x55e45fe04870_0, 0, 7;
L_0x55e45fe073e0 .cmp/eq 7, L_0x55e45fe07340, L_0x7fb99bb79258;
L_0x55e45fe07590 .part v0x55e45fe04870_0, 0, 7;
L_0x55e45fe07630 .cmp/eq 7, L_0x55e45fe07590, L_0x7fb99bb792a0;
L_0x55e45fe07840 .part v0x55e45fe04870_0, 0, 7;
L_0x55e45fe078e0 .cmp/eq 7, L_0x55e45fe07840, L_0x7fb99bb792e8;
L_0x55e45fe077a0 .part v0x55e45fe04870_0, 20, 5;
L_0x55e45fe07b00 .part v0x55e45fe04870_0, 15, 5;
L_0x55e45fe07c60 .part v0x55e45fe04870_0, 7, 5;
L_0x55e45fe07d30 .part v0x55e45fe04870_0, 25, 7;
L_0x55e45fe07ed0 .part v0x55e45fe04870_0, 12, 3;
L_0x55e45fe07fa0 .part v0x55e45fe04870_0, 31, 1;
L_0x55e45fe08150 .part v0x55e45fe04870_0, 12, 19;
L_0x55e45fe18230 .concat [ 12 19 1 0], L_0x7fb99bb79330, L_0x55e45fe08150, L_0x55e45fe07fa0;
L_0x55e45fe18510 .part v0x55e45fe04870_0, 31, 1;
LS_0x55e45fe185b0_0_0 .concat [ 1 1 1 1], L_0x55e45fe18510, L_0x55e45fe18510, L_0x55e45fe18510, L_0x55e45fe18510;
LS_0x55e45fe185b0_0_4 .concat [ 1 1 1 1], L_0x55e45fe18510, L_0x55e45fe18510, L_0x55e45fe18510, L_0x55e45fe18510;
LS_0x55e45fe185b0_0_8 .concat [ 1 1 1 1], L_0x55e45fe18510, L_0x55e45fe18510, L_0x55e45fe18510, L_0x55e45fe18510;
LS_0x55e45fe185b0_0_12 .concat [ 1 1 1 1], L_0x55e45fe18510, L_0x55e45fe18510, L_0x55e45fe18510, L_0x55e45fe18510;
LS_0x55e45fe185b0_0_16 .concat [ 1 1 1 1], L_0x55e45fe18510, L_0x55e45fe18510, L_0x55e45fe18510, L_0x55e45fe18510;
LS_0x55e45fe185b0_0_20 .concat [ 1 0 0 0], L_0x55e45fe18510;
LS_0x55e45fe185b0_1_0 .concat [ 4 4 4 4], LS_0x55e45fe185b0_0_0, LS_0x55e45fe185b0_0_4, LS_0x55e45fe185b0_0_8, LS_0x55e45fe185b0_0_12;
LS_0x55e45fe185b0_1_4 .concat [ 4 1 0 0], LS_0x55e45fe185b0_0_16, LS_0x55e45fe185b0_0_20;
L_0x55e45fe185b0 .concat [ 16 5 0 0], LS_0x55e45fe185b0_1_0, LS_0x55e45fe185b0_1_4;
L_0x55e45fe189b0 .part v0x55e45fe04870_0, 20, 11;
L_0x55e45fe18a50 .concat [ 11 21 0 0], L_0x55e45fe189b0, L_0x55e45fe185b0;
L_0x55e45fe18c80 .part v0x55e45fe04870_0, 31, 1;
LS_0x55e45fe18d20_0_0 .concat [ 1 1 1 1], L_0x55e45fe18c80, L_0x55e45fe18c80, L_0x55e45fe18c80, L_0x55e45fe18c80;
LS_0x55e45fe18d20_0_4 .concat [ 1 1 1 1], L_0x55e45fe18c80, L_0x55e45fe18c80, L_0x55e45fe18c80, L_0x55e45fe18c80;
LS_0x55e45fe18d20_0_8 .concat [ 1 1 1 1], L_0x55e45fe18c80, L_0x55e45fe18c80, L_0x55e45fe18c80, L_0x55e45fe18c80;
LS_0x55e45fe18d20_0_12 .concat [ 1 1 1 1], L_0x55e45fe18c80, L_0x55e45fe18c80, L_0x55e45fe18c80, L_0x55e45fe18c80;
LS_0x55e45fe18d20_0_16 .concat [ 1 1 1 1], L_0x55e45fe18c80, L_0x55e45fe18c80, L_0x55e45fe18c80, L_0x55e45fe18c80;
LS_0x55e45fe18d20_0_20 .concat [ 1 0 0 0], L_0x55e45fe18c80;
LS_0x55e45fe18d20_1_0 .concat [ 4 4 4 4], LS_0x55e45fe18d20_0_0, LS_0x55e45fe18d20_0_4, LS_0x55e45fe18d20_0_8, LS_0x55e45fe18d20_0_12;
LS_0x55e45fe18d20_1_4 .concat [ 4 1 0 0], LS_0x55e45fe18d20_0_16, LS_0x55e45fe18d20_0_20;
L_0x55e45fe18d20 .concat [ 16 5 0 0], LS_0x55e45fe18d20_1_0, LS_0x55e45fe18d20_1_4;
L_0x55e45fe19200 .part v0x55e45fe04870_0, 25, 6;
L_0x55e45fe192a0 .part v0x55e45fe04870_0, 7, 5;
L_0x55e45fe190e0 .concat [ 5 6 21 0], L_0x55e45fe192a0, L_0x55e45fe19200, L_0x55e45fe18d20;
L_0x55e45fe19540 .part v0x55e45fe04870_0, 31, 1;
LS_0x55e45fe19720_0_0 .concat [ 1 1 1 1], L_0x55e45fe19540, L_0x55e45fe19540, L_0x55e45fe19540, L_0x55e45fe19540;
LS_0x55e45fe19720_0_4 .concat [ 1 1 1 1], L_0x55e45fe19540, L_0x55e45fe19540, L_0x55e45fe19540, L_0x55e45fe19540;
LS_0x55e45fe19720_0_8 .concat [ 1 1 1 1], L_0x55e45fe19540, L_0x55e45fe19540, L_0x55e45fe19540, L_0x55e45fe19540;
LS_0x55e45fe19720_0_12 .concat [ 1 1 1 1], L_0x55e45fe19540, L_0x55e45fe19540, L_0x55e45fe19540, L_0x55e45fe19540;
LS_0x55e45fe19720_0_16 .concat [ 1 1 1 1], L_0x55e45fe19540, L_0x55e45fe19540, L_0x55e45fe19540, L_0x55e45fe19540;
LS_0x55e45fe19720_1_0 .concat [ 4 4 4 4], LS_0x55e45fe19720_0_0, LS_0x55e45fe19720_0_4, LS_0x55e45fe19720_0_8, LS_0x55e45fe19720_0_12;
LS_0x55e45fe19720_1_4 .concat [ 4 0 0 0], LS_0x55e45fe19720_0_16;
L_0x55e45fe19720 .concat [ 16 4 0 0], LS_0x55e45fe19720_1_0, LS_0x55e45fe19720_1_4;
L_0x55e45fe19a20 .part v0x55e45fe04870_0, 7, 1;
L_0x55e45fe19c10 .part v0x55e45fe04870_0, 25, 6;
L_0x55e45fe19cb0 .part v0x55e45fe04870_0, 8, 4;
LS_0x55e45fe19f10_0_0 .concat [ 1 4 6 1], L_0x7fb99bb79378, L_0x55e45fe19cb0, L_0x55e45fe19c10, L_0x55e45fe19a20;
LS_0x55e45fe19f10_0_4 .concat [ 20 0 0 0], L_0x55e45fe19720;
L_0x55e45fe19f10 .concat [ 12 20 0 0], LS_0x55e45fe19f10_0_0, LS_0x55e45fe19f10_0_4;
L_0x55e45fe1a120 .part v0x55e45fe04870_0, 31, 1;
LS_0x55e45fe1a330_0_0 .concat [ 1 1 1 1], L_0x55e45fe1a120, L_0x55e45fe1a120, L_0x55e45fe1a120, L_0x55e45fe1a120;
LS_0x55e45fe1a330_0_4 .concat [ 1 1 1 1], L_0x55e45fe1a120, L_0x55e45fe1a120, L_0x55e45fe1a120, L_0x55e45fe1a120;
LS_0x55e45fe1a330_0_8 .concat [ 1 1 1 1], L_0x55e45fe1a120, L_0x55e45fe1a120, L_0x55e45fe1a120, L_0x55e45fe1a120;
L_0x55e45fe1a330 .concat [ 4 4 4 0], LS_0x55e45fe1a330_0_0, LS_0x55e45fe1a330_0_4, LS_0x55e45fe1a330_0_8;
L_0x55e45fe1a420 .part v0x55e45fe04870_0, 12, 8;
L_0x55e45fe1a640 .part v0x55e45fe04870_0, 20, 1;
L_0x55e45fe1a6e0 .part v0x55e45fe04870_0, 21, 10;
LS_0x55e45fe1a910_0_0 .concat [ 1 10 1 8], L_0x7fb99bb793c0, L_0x55e45fe1a6e0, L_0x55e45fe1a640, L_0x55e45fe1a420;
LS_0x55e45fe1a910_0_4 .concat [ 12 0 0 0], L_0x55e45fe1a330;
L_0x55e45fe1a910 .concat [ 20 12 0 0], LS_0x55e45fe1a910_0_0, LS_0x55e45fe1a910_0_4;
L_0x55e45fe1ab20 .functor MUXZ 32, L_0x55e45fe18a50, v0x55e45fe056c0_0, L_0x55e45fe063c0, C4<>;
L_0x55e45fe1ae00 .part v0x55e45fe056c0_0, 0, 5;
L_0x55e45fe1aef0 .part v0x55e45fe04870_0, 20, 5;
L_0x55e45fe1b140 .functor MUXZ 5, L_0x55e45fe1aef0, L_0x55e45fe1ae00, L_0x55e45fe063c0, C4<>;
L_0x55e45fe1b350 .arith/sum 32, v0x55e45fe000f0_0, L_0x7fb99bb79408;
L_0x55e45fe1b600 .functor MUXZ 32, v0x55e45fe04440_0, L_0x55e45fe1b350, L_0x55e45fd02980, C4<>;
L_0x55e45fe1b740 .concat [ 2 30 0 0], v0x55e45fe05960_0, L_0x7fb99bb79450;
L_0x55e45fe1ba30 .cmp/eq 32, L_0x55e45fe1b740, L_0x7fb99bb79498;
L_0x55e45fe1be90 .arith/sum 32, v0x55e45fe000f0_0, L_0x55e45fe19f10;
L_0x55e45fe1c220 .arith/sum 32, v0x55e45fe000f0_0, L_0x55e45fe1a910;
L_0x55e45fe1c310 .arith/sum 32, v0x55e45fe05520_0, L_0x55e45fe1a910;
L_0x55e45fe1c5f0 .arith/sum 32, v0x55e45fe000f0_0, L_0x7fb99bb794e0;
L_0x55e45fe1c690 .functor MUXZ 32, L_0x55e45fe1c5f0, L_0x55e45fe1c310, L_0x55e45fe06ab0, C4<>;
L_0x55e45fe1c980 .functor MUXZ 32, L_0x55e45fe1c690, L_0x55e45fe1c220, L_0x55e45fe06ce0, C4<>;
L_0x55e45fe1cb00 .functor MUXZ 32, L_0x55e45fe1c980, L_0x55e45fe1be90, L_0x55e45fe1bd80, C4<>;
L_0x55e45fe1cea0 .part v0x55e45fe000f0_0, 0, 1;
LS_0x55e45fe1cf40_0_0 .concat [ 1 1 1 1], L_0x55e45fe073e0, L_0x55e45fe07630, L_0x55e45fe06620, L_0x55e45fe063c0;
LS_0x55e45fe1cf40_0_4 .concat [ 1 0 0 0], L_0x55e45fe1cea0;
L_0x55e45fe1cf40 .concat [ 4 1 0 0], LS_0x55e45fe1cf40_0_0, LS_0x55e45fe1cf40_0_4;
L_0x55e45fe1d2f0 .functor MUXZ 5, L_0x55e45fe1cf40, L_0x7fb99bb79528, L_0x55e45fe078e0, C4<>;
S_0x55e45fdaf630 .scope task, "ADD" "ADD" 4 82, 4 82 0, S_0x55e45fdaea40;
 .timescale 0 0;
v0x55e45fdcd620_0 .var "rd", 4 0;
v0x55e45fded910_0 .var "rs1", 4 0;
v0x55e45fded9f0_0 .var "rs2", 4 0;
TD_bench.uut.ADD ;
    %pushi/vec4 51, 0, 7;
    %store/vec4 v0x55e45fdf9f20_0, 0, 7;
    %load/vec4 v0x55e45fdcd620_0;
    %store/vec4 v0x55e45fdfa010_0, 0, 5;
    %load/vec4 v0x55e45fded910_0;
    %store/vec4 v0x55e45fdfa0f0_0, 0, 5;
    %load/vec4 v0x55e45fded9f0_0;
    %store/vec4 v0x55e45fdfa220_0, 0, 5;
    %pushi/vec4 0, 0, 3;
    %store/vec4 v0x55e45fdf9d40_0, 0, 3;
    %pushi/vec4 0, 0, 7;
    %store/vec4 v0x55e45fdf9e40_0, 0, 7;
    %fork TD_bench.uut.RType, S_0x55e45fdf9b70;
    %join;
    %end;
S_0x55e45fdb0220 .scope task, "ADDI" "ADDI" 4 171, 4 171 0, S_0x55e45fdaea40;
 .timescale 0 0;
v0x55e45fdedb50_0 .var "imm", 31 0;
v0x55e45fdedc30_0 .var "rd", 4 0;
v0x55e45fdedd10_0 .var "rs1", 4 0;
TD_bench.uut.ADDI ;
    %pushi/vec4 19, 0, 7;
    %store/vec4 v0x55e45fdf5140_0, 0, 7;
    %load/vec4 v0x55e45fdedc30_0;
    %store/vec4 v0x55e45fdf5230_0, 0, 5;
    %load/vec4 v0x55e45fdedd10_0;
    %store/vec4 v0x55e45fdf5310_0, 0, 5;
    %load/vec4 v0x55e45fdedb50_0;
    %store/vec4 v0x55e45fdf5060_0, 0, 32;
    %pushi/vec4 0, 0, 3;
    %store/vec4 v0x55e45fdf4f60_0, 0, 3;
    %fork TD_bench.uut.IType, S_0x55e45fdf4d90;
    %join;
    %end;
S_0x55e45fdb0e10 .scope task, "AND" "AND" 4 145, 4 145 0, S_0x55e45fdaea40;
 .timescale 0 0;
v0x55e45fdede80_0 .var "rd", 4 0;
v0x55e45fdedf60_0 .var "rs1", 4 0;
v0x55e45fdee040_0 .var "rs2", 4 0;
TD_bench.uut.AND ;
    %pushi/vec4 51, 0, 7;
    %store/vec4 v0x55e45fdf9f20_0, 0, 7;
    %load/vec4 v0x55e45fdede80_0;
    %store/vec4 v0x55e45fdfa010_0, 0, 5;
    %load/vec4 v0x55e45fdedf60_0;
    %store/vec4 v0x55e45fdfa0f0_0, 0, 5;
    %load/vec4 v0x55e45fdee040_0;
    %store/vec4 v0x55e45fdfa220_0, 0, 5;
    %pushi/vec4 7, 0, 3;
    %store/vec4 v0x55e45fdf9d40_0, 0, 3;
    %pushi/vec4 0, 0, 7;
    %store/vec4 v0x55e45fdf9e40_0, 0, 7;
    %fork TD_bench.uut.RType, S_0x55e45fdf9b70;
    %join;
    %end;
S_0x55e45fdb1a00 .scope task, "ANDI" "ANDI" 4 216, 4 216 0, S_0x55e45fdaea40;
 .timescale 0 0;
v0x55e45fdee180_0 .var "imm", 31 0;
v0x55e45fdee280_0 .var "rd", 4 0;
v0x55e45fdee360_0 .var "rs1", 4 0;
TD_bench.uut.ANDI ;
    %pushi/vec4 19, 0, 7;
    %store/vec4 v0x55e45fdf5140_0, 0, 7;
    %load/vec4 v0x55e45fdee280_0;
    %store/vec4 v0x55e45fdf5230_0, 0, 5;
    %load/vec4 v0x55e45fdee360_0;
    %store/vec4 v0x55e45fdf5310_0, 0, 5;
    %load/vec4 v0x55e45fdee180_0;
    %store/vec4 v0x55e45fdf5060_0, 0, 32;
    %pushi/vec4 7, 0, 3;
    %store/vec4 v0x55e45fdf4f60_0, 0, 3;
    %fork TD_bench.uut.IType, S_0x55e45fdf4d90;
    %join;
    %end;
S_0x55e45fdb25f0 .scope task, "AUIPC" "AUIPC" 4 386, 4 386 0, S_0x55e45fdaea40;
 .timescale 0 0;
v0x55e45fdee4f0_0 .var "imm", 31 0;
v0x55e45fdee5f0_0 .var "rd", 4 0;
TD_bench.uut.AUIPC ;
    %pushi/vec4 23, 0, 7;
    %store/vec4 v0x55e45fdfece0_0, 0, 7;
    %load/vec4 v0x55e45fdee5f0_0;
    %store/vec4 v0x55e45fdfedc0_0, 0, 5;
    %load/vec4 v0x55e45fdee4f0_0;
    %store/vec4 v0x55e45fdfebe0_0, 0, 32;
    %fork TD_bench.uut.UType, S_0x55e45fdfea10;
    %join;
    %end;
S_0x55e45fdac670 .scope task, "BEQ" "BEQ" 4 308, 4 308 0, S_0x55e45fdaea40;
 .timescale 0 0;
v0x55e45fdee720_0 .var "imm", 31 0;
v0x55e45fdee820_0 .var "rs1", 4 0;
v0x55e45fdee900_0 .var "rs2", 4 0;
TD_bench.uut.BEQ ;
    %pushi/vec4 99, 0, 7;
    %store/vec4 v0x55e45fdf1040_0, 0, 7;
    %load/vec4 v0x55e45fdee820_0;
    %store/vec4 v0x55e45fdf1130_0, 0, 5;
    %load/vec4 v0x55e45fdee900_0;
    %store/vec4 v0x55e45fdf1210_0, 0, 5;
    %load/vec4 v0x55e45fdee720_0;
    %store/vec4 v0x55e45fdf0f60_0, 0, 32;
    %pushi/vec4 0, 0, 3;
    %store/vec4 v0x55e45fdf0e60_0, 0, 3;
    %fork TD_bench.uut.BType, S_0x55e45fdf0c90;
    %join;
    %end;
S_0x55e45fdee9c0 .scope task, "BEQZ" "BEQZ" 4 749, 4 749 0, S_0x55e45fdaea40;
 .timescale 0 0;
v0x55e45fdeeb90_0 .var "imm", 31 0;
v0x55e45fdeec90_0 .var "rs1", 4 0;
TD_bench.uut.BEQZ ;
    %load/vec4 v0x55e45fdeec90_0;
    %store/vec4 v0x55e45fdee820_0, 0, 5;
    %pushi/vec4 0, 0, 5;
    %store/vec4 v0x55e45fdee900_0, 0, 5;
    %load/vec4 v0x55e45fdeeb90_0;
    %store/vec4 v0x55e45fdee720_0, 0, 32;
    %fork TD_bench.uut.BEQ, S_0x55e45fdac670;
    %join;
    %end;
S_0x55e45fdeed70 .scope task, "BGE" "BGE" 4 335, 4 335 0, S_0x55e45fdaea40;
 .timescale 0 0;
v0x55e45fdeef40_0 .var "imm", 31 0;
v0x55e45fdef040_0 .var "rs1", 4 0;
v0x55e45fdef120_0 .var "rs2", 4 0;
TD_bench.uut.BGE ;
    %pushi/vec4 99, 0, 7;
    %store/vec4 v0x55e45fdf1040_0, 0, 7;
    %load/vec4 v0x55e45fdef040_0;
    %store/vec4 v0x55e45fdf1130_0, 0, 5;
    %load/vec4 v0x55e45fdef120_0;
    %store/vec4 v0x55e45fdf1210_0, 0, 5;
    %load/vec4 v0x55e45fdeef40_0;
    %store/vec4 v0x55e45fdf0f60_0, 0, 32;
    %pushi/vec4 5, 0, 3;
    %store/vec4 v0x55e45fdf0e60_0, 0, 3;
    %fork TD_bench.uut.BType, S_0x55e45fdf0c90;
    %join;
    %end;
S_0x55e45fdef210 .scope task, "BGEU" "BGEU" 4 353, 4 353 0, S_0x55e45fdaea40;
 .timescale 0 0;
v0x55e45fdef3e0_0 .var "imm", 31 0;
v0x55e45fdef4e0_0 .var "rs1", 4 0;
v0x55e45fdef5c0_0 .var "rs2", 4 0;
TD_bench.uut.BGEU ;
    %pushi/vec4 99, 0, 7;
    %store/vec4 v0x55e45fdf1040_0, 0, 7;
    %load/vec4 v0x55e45fdef4e0_0;
    %store/vec4 v0x55e45fdf1130_0, 0, 5;
    %load/vec4 v0x55e45fdef5c0_0;
    %store/vec4 v0x55e45fdf1210_0, 0, 5;
    %load/vec4 v0x55e45fdef3e0_0;
    %store/vec4 v0x55e45fdf0f60_0, 0, 32;
    %pushi/vec4 7, 0, 3;
    %store/vec4 v0x55e45fdf0e60_0, 0, 3;
    %fork TD_bench.uut.BType, S_0x55e45fdf0c90;
    %join;
    %end;
S_0x55e45fdef6b0 .scope task, "BGT" "BGT" 4 765, 4 765 0, S_0x55e45fdaea40;
 .timescale 0 0;
v0x55e45fdef830_0 .var "imm", 31 0;
v0x55e45fdef930_0 .var "rs1", 4 0;
v0x55e45fdefa10_0 .var "rs2", 4 0;
TD_bench.uut.BGT ;
    %load/vec4 v0x55e45fdefa10_0;
    %store/vec4 v0x55e45fdefdd0_0, 0, 5;
    %load/vec4 v0x55e45fdef930_0;
    %store/vec4 v0x55e45fdefeb0_0, 0, 5;
    %load/vec4 v0x55e45fdef830_0;
    %store/vec4 v0x55e45fdefcd0_0, 0, 32;
    %fork TD_bench.uut.BLT, S_0x55e45fdefb00;
    %join;
    %end;
S_0x55e45fdefb00 .scope task, "BLT" "BLT" 4 326, 4 326 0, S_0x55e45fdaea40;
 .timescale 0 0;
v0x55e45fdefcd0_0 .var "imm", 31 0;
v0x55e45fdefdd0_0 .var "rs1", 4 0;
v0x55e45fdefeb0_0 .var "rs2", 4 0;
TD_bench.uut.BLT ;
    %pushi/vec4 99, 0, 7;
    %store/vec4 v0x55e45fdf1040_0, 0, 7;
    %load/vec4 v0x55e45fdefdd0_0;
    %store/vec4 v0x55e45fdf1130_0, 0, 5;
    %load/vec4 v0x55e45fdefeb0_0;
    %store/vec4 v0x55e45fdf1210_0, 0, 5;
    %load/vec4 v0x55e45fdefcd0_0;
    %store/vec4 v0x55e45fdf0f60_0, 0, 32;
    %pushi/vec4 4, 0, 3;
    %store/vec4 v0x55e45fdf0e60_0, 0, 3;
    %fork TD_bench.uut.BType, S_0x55e45fdf0c90;
    %join;
    %end;
S_0x55e45fdeffa0 .scope task, "BLTU" "BLTU" 4 344, 4 344 0, S_0x55e45fdaea40;
 .timescale 0 0;
v0x55e45fdf0170_0 .var "imm", 31 0;
v0x55e45fdf0270_0 .var "rs1", 4 0;
v0x55e45fdf0350_0 .var "rs2", 4 0;
TD_bench.uut.BLTU ;
    %pushi/vec4 99, 0, 7;
    %store/vec4 v0x55e45fdf1040_0, 0, 7;
    %load/vec4 v0x55e45fdf0270_0;
    %store/vec4 v0x55e45fdf1130_0, 0, 5;
    %load/vec4 v0x55e45fdf0350_0;
    %store/vec4 v0x55e45fdf1210_0, 0, 5;
    %load/vec4 v0x55e45fdf0170_0;
    %store/vec4 v0x55e45fdf0f60_0, 0, 32;
    %pushi/vec4 6, 0, 3;
    %store/vec4 v0x55e45fdf0e60_0, 0, 3;
    %fork TD_bench.uut.BType, S_0x55e45fdf0c90;
    %join;
    %end;
S_0x55e45fdf0440 .scope task, "BNE" "BNE" 4 317, 4 317 0, S_0x55e45fdaea40;
 .timescale 0 0;
v0x55e45fdf0610_0 .var "imm", 31 0;
v0x55e45fdf0710_0 .var "rs1", 4 0;
v0x55e45fdf07f0_0 .var "rs2", 4 0;
TD_bench.uut.BNE ;
    %pushi/vec4 99, 0, 7;
    %store/vec4 v0x55e45fdf1040_0, 0, 7;
    %load/vec4 v0x55e45fdf0710_0;
    %store/vec4 v0x55e45fdf1130_0, 0, 5;
    %load/vec4 v0x55e45fdf07f0_0;
    %store/vec4 v0x55e45fdf1210_0, 0, 5;
    %load/vec4 v0x55e45fdf0610_0;
    %store/vec4 v0x55e45fdf0f60_0, 0, 32;
    %pushi/vec4 1, 0, 3;
    %store/vec4 v0x55e45fdf0e60_0, 0, 3;
    %fork TD_bench.uut.BType, S_0x55e45fdf0c90;
    %join;
    %end;
S_0x55e45fdf08e0 .scope task, "BNEZ" "BNEZ" 4 757, 4 757 0, S_0x55e45fdaea40;
 .timescale 0 0;
v0x55e45fdf0ab0_0 .var "imm", 31 0;
v0x55e45fdf0bb0_0 .var "rs1", 4 0;
TD_bench.uut.BNEZ ;
    %load/vec4 v0x55e45fdf0bb0_0;
    %store/vec4 v0x55e45fdf0710_0, 0, 5;
    %pushi/vec4 0, 0, 5;
    %store/vec4 v0x55e45fdf07f0_0, 0, 5;
    %load/vec4 v0x55e45fdf0ab0_0;
    %store/vec4 v0x55e45fdf0610_0, 0, 32;
    %fork TD_bench.uut.BNE, S_0x55e45fdf0440;
    %join;
    %end;
S_0x55e45fdf0c90 .scope task, "BType" "BType" 4 296, 4 296 0, S_0x55e45fdaea40;
 .timescale 0 0;
v0x55e45fdf0e60_0 .var "funct3", 2 0;
v0x55e45fdf0f60_0 .var "imm", 31 0;
v0x55e45fdf1040_0 .var "opcode", 6 0;
v0x55e45fdf1130_0 .var "rs1", 4 0;
v0x55e45fdf1210_0 .var "rs2", 4 0;
TD_bench.uut.BType ;
    %load/vec4 v0x55e45fdf0f60_0;
    %parti/s 1, 12, 5;
    %load/vec4 v0x55e45fdf0f60_0;
    %parti/s 6, 5, 4;
    %concat/vec4; draw_concat_vec4
    %load/vec4 v0x55e45fdf1210_0;
    %concat/vec4; draw_concat_vec4
    %load/vec4 v0x55e45fdf1130_0;
    %concat/vec4; draw_concat_vec4
    %load/vec4 v0x55e45fdf0e60_0;
    %concat/vec4; draw_concat_vec4
    %load/vec4 v0x55e45fdf0f60_0;
    %parti/s 4, 1, 2;
    %concat/vec4; draw_concat_vec4
    %load/vec4 v0x55e45fdf0f60_0;
    %parti/s 1, 11, 5;
    %concat/vec4; draw_concat_vec4
    %load/vec4 v0x55e45fdf1040_0;
    %concat/vec4; draw_concat_vec4
    %load/vec4 v0x55e45fe051b0_0;
    %parti/s 30, 2, 3;
    %ix/vec4 4;
    %store/vec4a v0x55e45fe00030, 4, 0;
    %load/vec4 v0x55e45fe051b0_0;
    %addi 4, 0, 32;
    %store/vec4 v0x55e45fe051b0_0, 0, 32;
    %end;
S_0x55e45fdf1340 .scope task, "CALL" "CALL" 4 719, 4 719 0, S_0x55e45fdaea40;
 .timescale 0 0;
v0x55e45fdf1510_0 .var "offset", 31 0;
TD_bench.uut.CALL ;
    %pushi/vec4 6, 0, 5;
    %store/vec4 v0x55e45fdee5f0_0, 0, 5;
    %load/vec4 v0x55e45fdf1510_0;
    %store/vec4 v0x55e45fdee4f0_0, 0, 32;
    %fork TD_bench.uut.AUIPC, S_0x55e45fdb25f0;
    %join;
    %pushi/vec4 1, 0, 5;
    %store/vec4 v0x55e45fdf5fa0_0, 0, 5;
    %pushi/vec4 6, 0, 5;
    %store/vec4 v0x55e45fdf6080_0, 0, 5;
    %load/vec4 v0x55e45fdf1510_0;
    %parti/s 12, 0, 2;
    %pad/u 32;
    %store/vec4 v0x55e45fdf5ea0_0, 0, 32;
    %fork TD_bench.uut.JALR, S_0x55e45fdf5ac0;
    %join;
    %end;
S_0x55e45fdf1610 .scope task, "CSRRC" "CSRRC" 4 552, 4 552 0, S_0x55e45fdaea40;
 .timescale 0 0;
v0x55e45fdf17e0_0 .var "csr", 11 0;
v0x55e45fdf18e0_0 .var "rd", 4 0;
v0x55e45fdf19c0_0 .var "rs1", 4 0;
TD_bench.uut.CSRRC ;
    %load/vec4 v0x55e45fdf17e0_0;
    %load/vec4 v0x55e45fdf19c0_0;
    %concat/vec4; draw_concat_vec4
    %concati/vec4 3, 0, 3;
    %load/vec4 v0x55e45fdf18e0_0;
    %concat/vec4; draw_concat_vec4
    %concati/vec4 115, 0, 7;
    %load/vec4 v0x55e45fe051b0_0;
    %parti/s 30, 2, 3;
    %ix/vec4 4;
    %store/vec4a v0x55e45fe00030, 4, 0;
    %load/vec4 v0x55e45fe051b0_0;
    %addi 4, 0, 32;
    %store/vec4 v0x55e45fe051b0_0, 0, 32;
    %end;
S_0x55e45fdf1a80 .scope task, "CSRRCI" "CSRRCI" 4 582, 4 582 0, S_0x55e45fdaea40;
 .timescale 0 0;
v0x55e45fdf1c50_0 .var "csr", 11 0;
v0x55e45fdf1d50_0 .var "imm", 31 0;
v0x55e45fdf1e30_0 .var "rd", 4 0;
TD_bench.uut.CSRRCI ;
    %load/vec4 v0x55e45fdf1c50_0;
    %load/vec4 v0x55e45fdf1d50_0;
    %parti/s 5, 0, 2;
    %concat/vec4; draw_concat_vec4
    %concati/vec4 7, 0, 3;
    %load/vec4 v0x55e45fdf1e30_0;
    %concat/vec4; draw_concat_vec4
    %concati/vec4 115, 0, 7;
    %load/vec4 v0x55e45fe051b0_0;
    %parti/s 30, 2, 3;
    %ix/vec4 4;
    %store/vec4a v0x55e45fe00030, 4, 0;
    %load/vec4 v0x55e45fe051b0_0;
    %addi 4, 0, 32;
    %store/vec4 v0x55e45fe051b0_0, 0, 32;
    %end;
S_0x55e45fdf1f20 .scope task, "CSRRS" "CSRRS" 4 542, 4 542 0, S_0x55e45fdaea40;
 .timescale 0 0;
v0x55e45fdf20f0_0 .var "csr", 11 0;
v0x55e45fdf21f0_0 .var "rd", 4 0;
v0x55e45fdf22d0_0 .var "rs1", 4 0;
TD_bench.uut.CSRRS ;
    %load/vec4 v0x55e45fdf20f0_0;
    %load/vec4 v0x55e45fdf22d0_0;
    %concat/vec4; draw_concat_vec4
    %concati/vec4 2, 0, 3;
    %load/vec4 v0x55e45fdf21f0_0;
    %concat/vec4; draw_concat_vec4
    %concati/vec4 115, 0, 7;
    %load/vec4 v0x55e45fe051b0_0;
    %parti/s 30, 2, 3;
    %ix/vec4 4;
    %store/vec4a v0x55e45fe00030, 4, 0;
    %load/vec4 v0x55e45fe051b0_0;
    %addi 4, 0, 32;
    %store/vec4 v0x55e45fe051b0_0, 0, 32;
    %end;
S_0x55e45fdf23c0 .scope task, "CSRRSI" "CSRRSI" 4 572, 4 572 0, S_0x55e45fdaea40;
 .timescale 0 0;
v0x55e45fdf2590_0 .var "csr", 11 0;
v0x55e45fdf2690_0 .var "imm", 31 0;
v0x55e45fdf2770_0 .var "rd", 4 0;
TD_bench.uut.CSRRSI ;
    %load/vec4 v0x55e45fdf2590_0;
    %load/vec4 v0x55e45fdf2690_0;
    %parti/s 5, 0, 2;
    %concat/vec4; draw_concat_vec4
    %concati/vec4 6, 0, 3;
    %load/vec4 v0x55e45fdf2770_0;
    %concat/vec4; draw_concat_vec4
    %concati/vec4 115, 0, 7;
    %load/vec4 v0x55e45fe051b0_0;
    %parti/s 30, 2, 3;
    %ix/vec4 4;
    %store/vec4a v0x55e45fe00030, 4, 0;
    %load/vec4 v0x55e45fe051b0_0;
    %addi 4, 0, 32;
    %store/vec4 v0x55e45fe051b0_0, 0, 32;
    %end;
S_0x55e45fdf2860 .scope task, "CSRRW" "CSRRW" 4 532, 4 532 0, S_0x55e45fdaea40;
 .timescale 0 0;
v0x55e45fdf2a30_0 .var "csr", 11 0;
v0x55e45fdf2b30_0 .var "rd", 4 0;
v0x55e45fdf2c10_0 .var "rs1", 4 0;
TD_bench.uut.CSRRW ;
    %load/vec4 v0x55e45fdf2a30_0;
    %load/vec4 v0x55e45fdf2c10_0;
    %concat/vec4; draw_concat_vec4
    %concati/vec4 1, 0, 3;
    %load/vec4 v0x55e45fdf2b30_0;
    %concat/vec4; draw_concat_vec4
    %concati/vec4 115, 0, 7;
    %load/vec4 v0x55e45fe051b0_0;
    %parti/s 30, 2, 3;
    %ix/vec4 4;
    %store/vec4a v0x55e45fe00030, 4, 0;
    %load/vec4 v0x55e45fe051b0_0;
    %addi 4, 0, 32;
    %store/vec4 v0x55e45fe051b0_0, 0, 32;
    %end;
S_0x55e45fdf2d00 .scope task, "CSRRWI" "CSRRWI" 4 562, 4 562 0, S_0x55e45fdaea40;
 .timescale 0 0;
v0x55e45fdf2ed0_0 .var "csr", 11 0;
v0x55e45fdf2fd0_0 .var "imm", 31 0;
v0x55e45fdf30b0_0 .var "rd", 4 0;
TD_bench.uut.CSRRWI ;
    %load/vec4 v0x55e45fdf2ed0_0;
    %load/vec4 v0x55e45fdf2fd0_0;
    %parti/s 5, 0, 2;
    %concat/vec4; draw_concat_vec4
    %concati/vec4 5, 0, 3;
    %load/vec4 v0x55e45fdf30b0_0;
    %concat/vec4; draw_concat_vec4
    %concati/vec4 115, 0, 7;
    %load/vec4 v0x55e45fe051b0_0;
    %parti/s 30, 2, 3;
    %ix/vec4 4;
    %store/vec4a v0x55e45fe00030, 4, 0;
    %load/vec4 v0x55e45fe051b0_0;
    %addi 4, 0, 32;
    %store/vec4 v0x55e45fe051b0_0, 0, 32;
    %end;
S_0x55e45fdf31a0 .scope module, "CW" "Clockworks" 3 195, 5 21 0, S_0x55e45fdaea40;
 .timescale 0 0;
    .port_info 0 /INPUT 1 "CLK"
    .port_info 1 /INPUT 1 "RESET"
    .port_info 2 /OUTPUT 1 "clk"
    .port_info 3 /OUTPUT 1 "resetn"
P_0x55e45fdf3370 .param/l "SLOW" 0 5 29, +C4<00000000000000000000000000010101>;
v0x55e45fdf3870_0 .net "CLK", 0 0, v0x55e45fe05d70_0;  alias, 1 drivers
v0x55e45fdf3950_0 .net "RESET", 0 0, L_0x7fb99bb79018;  alias, 1 drivers
v0x55e45fdf3a10_0 .net "clk", 0 0, L_0x55e45fe1d480;  alias, 1 drivers
v0x55e45fdf3ae0_0 .net "resetn", 0 0, L_0x55e45fe1d570;  alias, 1 drivers
S_0x55e45fdf3470 .scope generate, "genblk1" "genblk1" 5 39, 5 39 0, S_0x55e45fdf31a0;
 .timescale 0 0;
P_0x55e45fdf3660 .param/l "slow_bit" 1 5 44, +C4<000000000000000000000000000010001>;
v0x55e45fdf3770_0 .var "slow_CLK", 17 0;
E_0x55e45fd55910 .event posedge, v0x55e45fdf3870_0;
L_0x55e45fe1d480 .part v0x55e45fdf3770_0, 17, 1;
L_0x55e45fe1d570 .reduce/nor L_0x7fb99bb79018;
S_0x55e45fdf3c50 .scope task, "DATAB" "DATAB" 4 782, 4 782 0, S_0x55e45fdaea40;
 .timescale 0 0;
v0x55e45fdf3e20_0 .var "b1", 7 0;
v0x55e45fdf3f20_0 .var "b2", 7 0;
v0x55e45fdf4000_0 .var "b3", 7 0;
v0x55e45fdf40c0_0 .var "b4", 7 0;
TD_bench.uut.DATAB ;
    %load/vec4 v0x55e45fdf3e20_0;
    %load/vec4 v0x55e45fe051b0_0;
    %parti/s 30, 2, 3;
    %ix/vec4 4;
    %flag_mov 8, 4;
    %ix/load 5, 0, 0;
    %flag_set/imm 4, 0;
    %flag_or 4, 8;
    %store/vec4a v0x55e45fe00030, 4, 5;
    %load/vec4 v0x55e45fdf3f20_0;
    %load/vec4 v0x55e45fe051b0_0;
    %parti/s 30, 2, 3;
    %ix/vec4 4;
    %flag_mov 8, 4;
    %ix/load 5, 8, 0;
    %flag_set/imm 4, 0;
    %flag_or 4, 8;
    %store/vec4a v0x55e45fe00030, 4, 5;
    %load/vec4 v0x55e45fdf4000_0;
    %load/vec4 v0x55e45fe051b0_0;
    %parti/s 30, 2, 3;
    %ix/vec4 4;
    %flag_mov 8, 4;
    %ix/load 5, 16, 0;
    %flag_set/imm 4, 0;
    %flag_or 4, 8;
    %store/vec4a v0x55e45fe00030, 4, 5;
    %load/vec4 v0x55e45fdf40c0_0;
    %load/vec4 v0x55e45fe051b0_0;
    %parti/s 30, 2, 3;
    %ix/vec4 4;
    %flag_mov 8, 4;
    %ix/load 5, 24, 0;
    %flag_set/imm 4, 0;
    %flag_or 4, 8;
    %store/vec4a v0x55e45fe00030, 4, 5;
    %load/vec4 v0x55e45fe051b0_0;
    %addi 4, 0, 32;
    %store/vec4 v0x55e45fe051b0_0, 0, 32;
    %end;
S_0x55e45fdf41a0 .scope task, "DATAW" "DATAW" 4 774, 4 774 0, S_0x55e45fdaea40;
 .timescale 0 0;
v0x55e45fdf4370_0 .var "w", 31 0;
TD_bench.uut.DATAW ;
    %load/vec4 v0x55e45fdf4370_0;
    %load/vec4 v0x55e45fe051b0_0;
    %parti/s 30, 2, 3;
    %ix/vec4 4;
    %store/vec4a v0x55e45fe00030, 4, 0;
    %load/vec4 v0x55e45fe051b0_0;
    %addi 4, 0, 32;
    %store/vec4 v0x55e45fe051b0_0, 0, 32;
    %end;
S_0x55e45fdf4470 .scope task, "EBREAK" "EBREAK" 4 525, 4 525 0, S_0x55e45fdaea40;
 .timescale 0 0;
TD_bench.uut.EBREAK ;
    %pushi/vec4 1048691, 0, 32;
    %load/vec4 v0x55e45fe051b0_0;
    %parti/s 30, 2, 3;
    %ix/vec4 4;
    %store/vec4a v0x55e45fe00030, 4, 0;
    %load/vec4 v0x55e45fe051b0_0;
    %addi 4, 0, 32;
    %store/vec4 v0x55e45fe051b0_0, 0, 32;
    %end;
S_0x55e45fdf4640 .scope task, "ECALL" "ECALL" 4 518, 4 518 0, S_0x55e45fdaea40;
 .timescale 0 0;
TD_bench.uut.ECALL ;
    %pushi/vec4 115, 0, 32;
    %load/vec4 v0x55e45fe051b0_0;
    %parti/s 30, 2, 3;
    %ix/vec4 4;
    %store/vec4a v0x55e45fe00030, 4, 0;
    %load/vec4 v0x55e45fe051b0_0;
    %addi 4, 0, 32;
    %store/vec4 v0x55e45fe051b0_0, 0, 32;
    %end;
S_0x55e45fdf4810 .scope task, "FENCE" "FENCE" 4 502, 4 502 0, S_0x55e45fdaea40;
 .timescale 0 0;
v0x55e45fdf49e0_0 .var "pred", 3 0;
v0x55e45fdf4ae0_0 .var "succ", 3 0;
TD_bench.uut.FENCE ;
    %pushi/vec4 0, 0, 4;
    %load/vec4 v0x55e45fdf49e0_0;
    %concat/vec4; draw_concat_vec4
    %load/vec4 v0x55e45fdf4ae0_0;
    %concat/vec4; draw_concat_vec4
    %concati/vec4 0, 0, 5;
    %concati/vec4 0, 0, 3;
    %concati/vec4 0, 0, 5;
    %concati/vec4 115, 0, 7;
    %load/vec4 v0x55e45fe051b0_0;
    %parti/s 30, 2, 3;
    %ix/vec4 4;
    %store/vec4a v0x55e45fe00030, 4, 0;
    %load/vec4 v0x55e45fe051b0_0;
    %addi 4, 0, 32;
    %store/vec4 v0x55e45fe051b0_0, 0, 32;
    %end;
S_0x55e45fdf4bc0 .scope task, "FENCE_I" "FENCE_I" 4 511, 4 511 0, S_0x55e45fdaea40;
 .timescale 0 0;
TD_bench.uut.FENCE_I ;
    %pushi/vec4 4211, 0, 32;
    %load/vec4 v0x55e45fe051b0_0;
    %parti/s 30, 2, 3;
    %ix/vec4 4;
    %store/vec4a v0x55e45fe00030, 4, 0;
    %load/vec4 v0x55e45fe051b0_0;
    %addi 4, 0, 32;
    %store/vec4 v0x55e45fe051b0_0, 0, 32;
    %end;
S_0x55e45fdf4d90 .scope task, "IType" "IType" 4 159, 4 159 0, S_0x55e45fdaea40;
 .timescale 0 0;
v0x55e45fdf4f60_0 .var "funct3", 2 0;
v0x55e45fdf5060_0 .var "imm", 31 0;
v0x55e45fdf5140_0 .var "opcode", 6 0;
v0x55e45fdf5230_0 .var "rd", 4 0;
v0x55e45fdf5310_0 .var "rs1", 4 0;
TD_bench.uut.IType ;
    %load/vec4 v0x55e45fdf5060_0;
    %parti/s 12, 0, 2;
    %load/vec4 v0x55e45fdf5310_0;
    %concat/vec4; draw_concat_vec4
    %load/vec4 v0x55e45fdf4f60_0;
    %concat/vec4; draw_concat_vec4
    %load/vec4 v0x55e45fdf5230_0;
    %concat/vec4; draw_concat_vec4
    %load/vec4 v0x55e45fdf5140_0;
    %concat/vec4; draw_concat_vec4
    %load/vec4 v0x55e45fe051b0_0;
    %parti/s 30, 2, 3;
    %ix/vec4 4;
    %store/vec4a v0x55e45fe00030, 4, 0;
    %load/vec4 v0x55e45fe051b0_0;
    %addi 4, 0, 32;
    %store/vec4 v0x55e45fe051b0_0, 0, 32;
    %end;
S_0x55e45fdf5440 .scope task, "J" "J" 4 741, 4 741 0, S_0x55e45fdaea40;
 .timescale 0 0;
v0x55e45fdf5610_0 .var "imm", 31 0;
TD_bench.uut.J ;
    %pushi/vec4 0, 0, 5;
    %store/vec4 v0x55e45fdf59e0_0, 0, 5;
    %load/vec4 v0x55e45fdf5610_0;
    %store/vec4 v0x55e45fdf58e0_0, 0, 32;
    %fork TD_bench.uut.JAL, S_0x55e45fdf5710;
    %join;
    %end;
S_0x55e45fdf5710 .scope task, "JAL" "JAL" 4 271, 4 271 0, S_0x55e45fdaea40;
 .timescale 0 0;
v0x55e45fdf58e0_0 .var "imm", 31 0;
v0x55e45fdf59e0_0 .var "rd", 4 0;
TD_bench.uut.JAL ;
    %pushi/vec4 111, 0, 7;
    %store/vec4 v0x55e45fdf6410_0, 0, 7;
    %load/vec4 v0x55e45fdf59e0_0;
    %store/vec4 v0x55e45fdf64f0_0, 0, 5;
    %load/vec4 v0x55e45fdf58e0_0;
    %store/vec4 v0x55e45fdf6310_0, 0, 32;
    %fork TD_bench.uut.JType, S_0x55e45fdf6140;
    %join;
    %end;
S_0x55e45fdf5ac0 .scope task, "JALR" "JALR" 4 281, 4 281 0, S_0x55e45fdaea40;
 .timescale 0 0;
v0x55e45fdf5ea0_0 .var "imm", 31 0;
v0x55e45fdf5fa0_0 .var "rd", 4 0;
v0x55e45fdf6080_0 .var "rs1", 4 0;
TD_bench.uut.JALR ;
    %pushi/vec4 103, 0, 7;
    %store/vec4 v0x55e45fdf5140_0, 0, 7;
    %load/vec4 v0x55e45fdf5fa0_0;
    %store/vec4 v0x55e45fdf5230_0, 0, 5;
    %load/vec4 v0x55e45fdf6080_0;
    %store/vec4 v0x55e45fdf5310_0, 0, 5;
    %load/vec4 v0x55e45fdf5ea0_0;
    %store/vec4 v0x55e45fdf5060_0, 0, 32;
    %pushi/vec4 0, 0, 3;
    %store/vec4 v0x55e45fdf4f60_0, 0, 3;
    %fork TD_bench.uut.IType, S_0x55e45fdf4d90;
    %join;
    %end;
S_0x55e45fdf6140 .scope task, "JType" "JType" 4 261, 4 261 0, S_0x55e45fdaea40;
 .timescale 0 0;
v0x55e45fdf6310_0 .var "imm", 31 0;
v0x55e45fdf6410_0 .var "opcode", 6 0;
v0x55e45fdf64f0_0 .var "rd", 4 0;
TD_bench.uut.JType ;
    %load/vec4 v0x55e45fdf6310_0;
    %parti/s 1, 20, 6;
    %load/vec4 v0x55e45fdf6310_0;
    %parti/s 10, 1, 2;
    %concat/vec4; draw_concat_vec4
    %load/vec4 v0x55e45fdf6310_0;
    %parti/s 1, 11, 5;
    %concat/vec4; draw_concat_vec4
    %load/vec4 v0x55e45fdf6310_0;
    %parti/s 8, 12, 5;
    %concat/vec4; draw_concat_vec4
    %load/vec4 v0x55e45fdf64f0_0;
    %concat/vec4; draw_concat_vec4
    %load/vec4 v0x55e45fdf6410_0;
    %concat/vec4; draw_concat_vec4
    %load/vec4 v0x55e45fe051b0_0;
    %parti/s 30, 2, 3;
    %ix/vec4 4;
    %store/vec4a v0x55e45fe00030, 4, 0;
    %load/vec4 v0x55e45fe051b0_0;
    %addi 4, 0, 32;
    %store/vec4 v0x55e45fe051b0_0, 0, 32;
    %end;
S_0x55e45fdf65e0 .scope task, "LB" "LB" 4 400, 4 400 0, S_0x55e45fdaea40;
 .timescale 0 0;
v0x55e45fdf67b0_0 .var "imm", 31 0;
v0x55e45fdf68b0_0 .var "rd", 4 0;
v0x55e45fdf6990_0 .var "rs1", 4 0;
TD_bench.uut.LB ;
    %pushi/vec4 3, 0, 7;
    %store/vec4 v0x55e45fdf5140_0, 0, 7;
    %load/vec4 v0x55e45fdf68b0_0;
    %store/vec4 v0x55e45fdf5230_0, 0, 5;
    %load/vec4 v0x55e45fdf6990_0;
    %store/vec4 v0x55e45fdf5310_0, 0, 5;
    %load/vec4 v0x55e45fdf67b0_0;
    %store/vec4 v0x55e45fdf5060_0, 0, 32;
    %pushi/vec4 0, 0, 3;
    %store/vec4 v0x55e45fdf4f60_0, 0, 3;
    %fork TD_bench.uut.IType, S_0x55e45fdf4d90;
    %join;
    %end;
S_0x55e45fdf6a80 .scope task, "LBU" "LBU" 4 427, 4 427 0, S_0x55e45fdaea40;
 .timescale 0 0;
v0x55e45fdf6c50_0 .var "imm", 31 0;
v0x55e45fdf6d50_0 .var "rd", 4 0;
v0x55e45fdf6e30_0 .var "rs1", 4 0;
TD_bench.uut.LBU ;
    %pushi/vec4 3, 0, 7;
    %store/vec4 v0x55e45fdf5140_0, 0, 7;
    %load/vec4 v0x55e45fdf6d50_0;
    %store/vec4 v0x55e45fdf5230_0, 0, 5;
    %load/vec4 v0x55e45fdf6e30_0;
    %store/vec4 v0x55e45fdf5310_0, 0, 5;
    %load/vec4 v0x55e45fdf6c50_0;
    %store/vec4 v0x55e45fdf5060_0, 0, 32;
    %pushi/vec4 4, 0, 3;
    %store/vec4 v0x55e45fdf4f60_0, 0, 3;
    %fork TD_bench.uut.IType, S_0x55e45fdf4d90;
    %join;
    %end;
S_0x55e45fdf6f20 .scope task, "LH" "LH" 4 409, 4 409 0, S_0x55e45fdaea40;
 .timescale 0 0;
v0x55e45fdf70f0_0 .var "imm", 31 0;
v0x55e45fdf71f0_0 .var "rd", 4 0;
v0x55e45fdf72d0_0 .var "rs1", 4 0;
TD_bench.uut.LH ;
    %pushi/vec4 3, 0, 7;
    %store/vec4 v0x55e45fdf5140_0, 0, 7;
    %load/vec4 v0x55e45fdf71f0_0;
    %store/vec4 v0x55e45fdf5230_0, 0, 5;
    %load/vec4 v0x55e45fdf72d0_0;
    %store/vec4 v0x55e45fdf5310_0, 0, 5;
    %load/vec4 v0x55e45fdf70f0_0;
    %store/vec4 v0x55e45fdf5060_0, 0, 32;
    %pushi/vec4 1, 0, 3;
    %store/vec4 v0x55e45fdf4f60_0, 0, 3;
    %fork TD_bench.uut.IType, S_0x55e45fdf4d90;
    %join;
    %end;
S_0x55e45fdf73c0 .scope task, "LHU" "LHU" 4 436, 4 436 0, S_0x55e45fdaea40;
 .timescale 0 0;
v0x55e45fdf7590_0 .var "imm", 31 0;
v0x55e45fdf7690_0 .var "rd", 4 0;
v0x55e45fdf7770_0 .var "rs1", 4 0;
TD_bench.uut.LHU ;
    %pushi/vec4 3, 0, 7;
    %store/vec4 v0x55e45fdf5140_0, 0, 7;
    %load/vec4 v0x55e45fdf7690_0;
    %store/vec4 v0x55e45fdf5230_0, 0, 5;
    %load/vec4 v0x55e45fdf7770_0;
    %store/vec4 v0x55e45fdf5310_0, 0, 5;
    %load/vec4 v0x55e45fdf7590_0;
    %store/vec4 v0x55e45fdf5060_0, 0, 32;
    %pushi/vec4 5, 0, 3;
    %store/vec4 v0x55e45fdf4f60_0, 0, 3;
    %fork TD_bench.uut.IType, S_0x55e45fdf4d90;
    %join;
    %end;
S_0x55e45fdf7860 .scope task, "LI" "LI" 4 702, 4 702 0, S_0x55e45fdaea40;
 .timescale 0 0;
v0x55e45fdf7a30_0 .var "imm", 31 0;
v0x55e45fdf7b30_0 .var "rd", 4 0;
TD_bench.uut.LI ;
    %load/vec4 v0x55e45fdf7a30_0;
    %cmpi/e 0, 0, 32;
    %jmp/0xz  T_37.0, 4;
    %load/vec4 v0x55e45fdf7b30_0;
    %store/vec4 v0x55e45fdcd620_0, 0, 5;
    %pushi/vec4 0, 0, 5;
    %store/vec4 v0x55e45fded910_0, 0, 5;
    %pushi/vec4 0, 0, 5;
    %store/vec4 v0x55e45fded9f0_0, 0, 5;
    %fork TD_bench.uut.ADD, S_0x55e45fdaf630;
    %join;
    %jmp T_37.1;
T_37.0 ;
    %pushi/vec4 4294965248, 0, 32;
    %load/vec4 v0x55e45fdf7a30_0;
    %cmp/s;
    %flag_get/vec4 4;
    %flag_get/vec4 5;
    %or;
    %load/vec4 v0x55e45fdf7a30_0;
    %cmpi/s 2048, 0, 32;
    %flag_get/vec4 5;
    %and;
    %flag_set/vec4 8;
    %jmp/0xz  T_37.2, 8;
    %load/vec4 v0x55e45fdf7b30_0;
    %store/vec4 v0x55e45fdedc30_0, 0, 5;
    %pushi/vec4 0, 0, 5;
    %store/vec4 v0x55e45fdedd10_0, 0, 5;
    %load/vec4 v0x55e45fdf7a30_0;
    %store/vec4 v0x55e45fdedb50_0, 0, 32;
    %fork TD_bench.uut.ADDI, S_0x55e45fdb0220;
    %join;
    %jmp T_37.3;
T_37.2 ;
    %load/vec4 v0x55e45fdf7b30_0;
    %store/vec4 v0x55e45fdf7ee0_0, 0, 5;
    %load/vec4 v0x55e45fdf7a30_0;
    %load/vec4 v0x55e45fdf7a30_0;
    %parti/s 1, 11, 5;
    %pad/u 32;
    %ix/load 4, 12, 0;
    %flag_set/imm 4, 0;
    %shiftl 4;
    %add;
    %store/vec4 v0x55e45fdf7de0_0, 0, 32;
    %fork TD_bench.uut.LUI, S_0x55e45fdf7c10;
    %join;
    %load/vec4 v0x55e45fdf7a30_0;
    %parti/s 12, 0, 2;
    %pad/u 32;
    %cmpi/ne 0, 0, 32;
    %jmp/0xz  T_37.4, 4;
    %load/vec4 v0x55e45fdf7b30_0;
    %store/vec4 v0x55e45fdedc30_0, 0, 5;
    %load/vec4 v0x55e45fdf7b30_0;
    %store/vec4 v0x55e45fdedd10_0, 0, 5;
    %load/vec4 v0x55e45fdf7a30_0;
    %parti/s 12, 0, 2;
    %pad/u 32;
    %store/vec4 v0x55e45fdedb50_0, 0, 32;
    %fork TD_bench.uut.ADDI, S_0x55e45fdb0220;
    %join;
T_37.4 ;
T_37.3 ;
T_37.1 ;
    %end;
S_0x55e45fdf7c10 .scope task, "LUI" "LUI" 4 378, 4 378 0, S_0x55e45fdaea40;
 .timescale 0 0;
v0x55e45fdf7de0_0 .var "imm", 31 0;
v0x55e45fdf7ee0_0 .var "rd", 4 0;
TD_bench.uut.LUI ;
    %pushi/vec4 55, 0, 7;
    %store/vec4 v0x55e45fdfece0_0, 0, 7;
    %load/vec4 v0x55e45fdf7ee0_0;
    %store/vec4 v0x55e45fdfedc0_0, 0, 5;
    %load/vec4 v0x55e45fdf7de0_0;
    %store/vec4 v0x55e45fdfebe0_0, 0, 32;
    %fork TD_bench.uut.UType, S_0x55e45fdfea10;
    %join;
    %end;
S_0x55e45fdf7fc0 .scope task, "LW" "LW" 4 418, 4 418 0, S_0x55e45fdaea40;
 .timescale 0 0;
v0x55e45fdf8190_0 .var "imm", 31 0;
v0x55e45fdf8290_0 .var "rd", 4 0;
v0x55e45fdf8370_0 .var "rs1", 4 0;
TD_bench.uut.LW ;
    %pushi/vec4 3, 0, 7;
    %store/vec4 v0x55e45fdf5140_0, 0, 7;
    %load/vec4 v0x55e45fdf8290_0;
    %store/vec4 v0x55e45fdf5230_0, 0, 5;
    %load/vec4 v0x55e45fdf8370_0;
    %store/vec4 v0x55e45fdf5310_0, 0, 5;
    %load/vec4 v0x55e45fdf8190_0;
    %store/vec4 v0x55e45fdf5060_0, 0, 32;
    %pushi/vec4 2, 0, 3;
    %store/vec4 v0x55e45fdf4f60_0, 0, 3;
    %fork TD_bench.uut.IType, S_0x55e45fdf4d90;
    %join;
    %end;
S_0x55e45fdf8460 .scope task, "Label" "Label" 4 605, 4 605 0, S_0x55e45fdaea40;
 .timescale 0 0;
v0x55e45fdf8630_0 .var/i "L", 31 0;
TD_bench.uut.Label ;
    %load/vec4 v0x55e45fdf8630_0;
    %parti/s 1, 0, 2;
    %cmpi/e 1, 1, 1;
    %jmp/0xz  T_40.6, 6;
    %vpi_call 4 610 "$display", "Missing label initialization" {0 0 0};
    %pushi/vec4 1, 0, 32;
    %store/vec4 v0x55e45fdff9c0_0, 0, 32;
    %jmp T_40.7;
T_40.6 ;
    %load/vec4 v0x55e45fdf8630_0;
    %load/vec4 v0x55e45fe051b0_0;
    %cmp/ne;
    %jmp/0xz  T_40.8, 4;
    %vpi_call 4 613 "$display", "Incorrect label initialization" {0 0 0};
    %vpi_call 4 614 "$display", "Expected: %0d    Got: %0d", v0x55e45fe051b0_0, v0x55e45fdf8630_0 {0 0 0};
    %pushi/vec4 1, 0, 32;
    %store/vec4 v0x55e45fdff9c0_0, 0, 32;
T_40.8 ;
T_40.7 ;
    %vpi_call 4 617 "$display", "Label:", v0x55e45fe051b0_0 {0 0 0};
    %end;
S_0x55e45fdf8730 .scope function, "LabelRef" "LabelRef" 4 622, 4 622 0, S_0x55e45fdaea40;
 .timescale 0 0;
v0x55e45fdf8900_0 .var/i "L", 31 0;
v0x55e45fdf8a00_0 .var "LabelRef", 31 0;
TD_bench.uut.LabelRef ;
    %load/vec4 v0x55e45fdf8900_0;
    %parti/s 1, 0, 2;
    %cmpi/e 1, 1, 1;
    %jmp/0xz  T_41.10, 6;
    %vpi_call 4 627 "$display", "Reference to uninitialized label" {0 0 0};
    %pushi/vec4 1, 0, 32;
    %store/vec4 v0x55e45fdff9c0_0, 0, 32;
T_41.10 ;
    %load/vec4 v0x55e45fdf8900_0;
    %load/vec4 v0x55e45fe051b0_0;
    %sub;
    %store/vec4 v0x55e45fdf8a00_0, 0, 32;
    %end;
S_0x55e45fdf8ae0 .scope task, "MV" "MV" 4 733, 4 733 0, S_0x55e45fdaea40;
 .timescale 0 0;
v0x55e45fdf8cb0_0 .var "rd", 4 0;
v0x55e45fdf8db0_0 .var "rs1", 4 0;
TD_bench.uut.MV ;
    %load/vec4 v0x55e45fdf8cb0_0;
    %store/vec4 v0x55e45fdcd620_0, 0, 5;
    %load/vec4 v0x55e45fdf8db0_0;
    %store/vec4 v0x55e45fded910_0, 0, 5;
    %pushi/vec4 0, 0, 5;
    %store/vec4 v0x55e45fded9f0_0, 0, 5;
    %fork TD_bench.uut.ADD, S_0x55e45fdaf630;
    %join;
    %end;
S_0x55e45fdf8e90 .scope task, "NOP" "NOP" 4 691, 4 691 0, S_0x55e45fdaea40;
 .timescale 0 0;
TD_bench.uut.NOP ;
    %pushi/vec4 0, 0, 5;
    %store/vec4 v0x55e45fdcd620_0, 0, 5;
    %pushi/vec4 0, 0, 5;
    %store/vec4 v0x55e45fded910_0, 0, 5;
    %pushi/vec4 0, 0, 5;
    %store/vec4 v0x55e45fded9f0_0, 0, 5;
    %fork TD_bench.uut.ADD, S_0x55e45fdaf630;
    %join;
    %end;
S_0x55e45fdf9060 .scope task, "OR" "OR" 4 138, 4 138 0, S_0x55e45fdaea40;
 .timescale 0 0;
v0x55e45fdf9230_0 .var "rd", 4 0;
v0x55e45fdf9330_0 .var "rs1", 4 0;
v0x55e45fdf9410_0 .var "rs2", 4 0;
TD_bench.uut.OR ;
    %pushi/vec4 51, 0, 7;
    %store/vec4 v0x55e45fdf9f20_0, 0, 7;
    %load/vec4 v0x55e45fdf9230_0;
    %store/vec4 v0x55e45fdfa010_0, 0, 5;
    %load/vec4 v0x55e45fdf9330_0;
    %store/vec4 v0x55e45fdfa0f0_0, 0, 5;
    %load/vec4 v0x55e45fdf9410_0;
    %store/vec4 v0x55e45fdfa220_0, 0, 5;
    %pushi/vec4 6, 0, 3;
    %store/vec4 v0x55e45fdf9d40_0, 0, 3;
    %pushi/vec4 0, 0, 7;
    %store/vec4 v0x55e45fdf9e40_0, 0, 7;
    %fork TD_bench.uut.RType, S_0x55e45fdf9b70;
    %join;
    %end;
S_0x55e45fdf9500 .scope task, "ORI" "ORI" 4 207, 4 207 0, S_0x55e45fdaea40;
 .timescale 0 0;
v0x55e45fdf96d0_0 .var "imm", 31 0;
v0x55e45fdf97d0_0 .var "rd", 4 0;
v0x55e45fdf98b0_0 .var "rs1", 4 0;
TD_bench.uut.ORI ;
    %pushi/vec4 19, 0, 7;
    %store/vec4 v0x55e45fdf5140_0, 0, 7;
    %load/vec4 v0x55e45fdf97d0_0;
    %store/vec4 v0x55e45fdf5230_0, 0, 5;
    %load/vec4 v0x55e45fdf98b0_0;
    %store/vec4 v0x55e45fdf5310_0, 0, 5;
    %load/vec4 v0x55e45fdf96d0_0;
    %store/vec4 v0x55e45fdf5060_0, 0, 32;
    %pushi/vec4 6, 0, 3;
    %store/vec4 v0x55e45fdf4f60_0, 0, 3;
    %fork TD_bench.uut.IType, S_0x55e45fdf4d90;
    %join;
    %end;
S_0x55e45fdf99a0 .scope task, "RET" "RET" 4 727, 4 727 0, S_0x55e45fdaea40;
 .timescale 0 0;
TD_bench.uut.RET ;
    %pushi/vec4 0, 0, 5;
    %store/vec4 v0x55e45fdf5fa0_0, 0, 5;
    %pushi/vec4 1, 0, 5;
    %store/vec4 v0x55e45fdf6080_0, 0, 5;
    %pushi/vec4 0, 0, 32;
    %store/vec4 v0x55e45fdf5ea0_0, 0, 32;
    %fork TD_bench.uut.JALR, S_0x55e45fdf5ac0;
    %join;
    %end;
S_0x55e45fdf9b70 .scope task, "RType" "RType" 4 69, 4 69 0, S_0x55e45fdaea40;
 .timescale 0 0;
v0x55e45fdf9d40_0 .var "funct3", 2 0;
v0x55e45fdf9e40_0 .var "funct7", 6 0;
v0x55e45fdf9f20_0 .var "opcode", 6 0;
v0x55e45fdfa010_0 .var "rd", 4 0;
v0x55e45fdfa0f0_0 .var "rs1", 4 0;
v0x55e45fdfa220_0 .var "rs2", 4 0;
TD_bench.uut.RType ;
    %load/vec4 v0x55e45fdf9e40_0;
    %load/vec4 v0x55e45fdfa220_0;
    %concat/vec4; draw_concat_vec4
    %load/vec4 v0x55e45fdfa0f0_0;
    %concat/vec4; draw_concat_vec4
    %load/vec4 v0x55e45fdf9d40_0;
    %concat/vec4; draw_concat_vec4
    %load/vec4 v0x55e45fdfa010_0;
    %concat/vec4; draw_concat_vec4
    %load/vec4 v0x55e45fdf9f20_0;
    %concat/vec4; draw_concat_vec4
    %load/vec4 v0x55e45fe051b0_0;
    %parti/s 30, 2, 3;
    %ix/vec4 4;
    %store/vec4a v0x55e45fe00030, 4, 0;
    %load/vec4 v0x55e45fe051b0_0;
    %addi 4, 0, 32;
    %store/vec4 v0x55e45fe051b0_0, 0, 32;
    %end;
S_0x55e45fdfa300 .scope task, "SB" "SB" 4 469, 4 469 0, S_0x55e45fdaea40;
 .timescale 0 0;
v0x55e45fdfa4d0_0 .var "imm", 31 0;
v0x55e45fdfa5d0_0 .var "rs1", 4 0;
v0x55e45fdfa6b0_0 .var "rs2", 4 0;
TD_bench.uut.SB ;
    %pushi/vec4 35, 0, 7;
    %store/vec4 v0x55e45fdfde00_0, 0, 7;
    %load/vec4 v0x55e45fdfa6b0_0;
    %store/vec4 v0x55e45fdfdef0_0, 0, 5;
    %load/vec4 v0x55e45fdfa5d0_0;
    %store/vec4 v0x55e45fdfdfd0_0, 0, 5;
    %load/vec4 v0x55e45fdfa4d0_0;
    %store/vec4 v0x55e45fdfdd20_0, 0, 32;
    %pushi/vec4 0, 0, 3;
    %store/vec4 v0x55e45fdfdc20_0, 0, 3;
    %fork TD_bench.uut.SType, S_0x55e45fdfda50;
    %join;
    %end;
S_0x55e45fdfa770 .scope task, "SH" "SH" 4 478, 4 478 0, S_0x55e45fdaea40;
 .timescale 0 0;
v0x55e45fdfa940_0 .var "imm", 31 0;
v0x55e45fdfaa40_0 .var "rs1", 4 0;
v0x55e45fdfab20_0 .var "rs2", 4 0;
TD_bench.uut.SH ;
    %pushi/vec4 35, 0, 7;
    %store/vec4 v0x55e45fdfde00_0, 0, 7;
    %load/vec4 v0x55e45fdfab20_0;
    %store/vec4 v0x55e45fdfdef0_0, 0, 5;
    %load/vec4 v0x55e45fdfaa40_0;
    %store/vec4 v0x55e45fdfdfd0_0, 0, 5;
    %load/vec4 v0x55e45fdfa940_0;
    %store/vec4 v0x55e45fdfdd20_0, 0, 32;
    %pushi/vec4 1, 0, 3;
    %store/vec4 v0x55e45fdfdc20_0, 0, 3;
    %fork TD_bench.uut.SType, S_0x55e45fdfda50;
    %join;
    %end;
S_0x55e45fdfac10 .scope task, "SLL" "SLL" 4 96, 4 96 0, S_0x55e45fdaea40;
 .timescale 0 0;
v0x55e45fdfade0_0 .var "rd", 4 0;
v0x55e45fdfaee0_0 .var "rs1", 4 0;
v0x55e45fdfafc0_0 .var "rs2", 4 0;
TD_bench.uut.SLL ;
    %pushi/vec4 51, 0, 7;
    %store/vec4 v0x55e45fdf9f20_0, 0, 7;
    %load/vec4 v0x55e45fdfade0_0;
    %store/vec4 v0x55e45fdfa010_0, 0, 5;
    %load/vec4 v0x55e45fdfaee0_0;
    %store/vec4 v0x55e45fdfa0f0_0, 0, 5;
    %load/vec4 v0x55e45fdfafc0_0;
    %store/vec4 v0x55e45fdfa220_0, 0, 5;
    %pushi/vec4 1, 0, 3;
    %store/vec4 v0x55e45fdf9d40_0, 0, 3;
    %pushi/vec4 0, 0, 7;
    %store/vec4 v0x55e45fdf9e40_0, 0, 7;
    %fork TD_bench.uut.RType, S_0x55e45fdf9b70;
    %join;
    %end;
S_0x55e45fdfb0b0 .scope task, "SLLI" "SLLI" 4 228, 4 228 0, S_0x55e45fdaea40;
 .timescale 0 0;
v0x55e45fdfb280_0 .var "imm", 31 0;
v0x55e45fdfb380_0 .var "rd", 4 0;
v0x55e45fdfb460_0 .var "rs1", 4 0;
TD_bench.uut.SLLI ;
    %pushi/vec4 19, 0, 7;
    %store/vec4 v0x55e45fdf9f20_0, 0, 7;
    %load/vec4 v0x55e45fdfb380_0;
    %store/vec4 v0x55e45fdfa010_0, 0, 5;
    %load/vec4 v0x55e45fdfb460_0;
    %store/vec4 v0x55e45fdfa0f0_0, 0, 5;
    %load/vec4 v0x55e45fdfb280_0;
    %parti/s 5, 0, 2;
    %store/vec4 v0x55e45fdfa220_0, 0, 5;
    %pushi/vec4 1, 0, 3;
    %store/vec4 v0x55e45fdf9d40_0, 0, 3;
    %pushi/vec4 0, 0, 7;
    %store/vec4 v0x55e45fdf9e40_0, 0, 7;
    %fork TD_bench.uut.RType, S_0x55e45fdf9b70;
    %join;
    %end;
S_0x55e45fdfb550 .scope task, "SLT" "SLT" 4 103, 4 103 0, S_0x55e45fdaea40;
 .timescale 0 0;
v0x55e45fdfb720_0 .var "rd", 4 0;
v0x55e45fdfb820_0 .var "rs1", 4 0;
v0x55e45fdfb900_0 .var "rs2", 4 0;
TD_bench.uut.SLT ;
    %pushi/vec4 51, 0, 7;
    %store/vec4 v0x55e45fdf9f20_0, 0, 7;
    %load/vec4 v0x55e45fdfb720_0;
    %store/vec4 v0x55e45fdfa010_0, 0, 5;
    %load/vec4 v0x55e45fdfb820_0;
    %store/vec4 v0x55e45fdfa0f0_0, 0, 5;
    %load/vec4 v0x55e45fdfb900_0;
    %store/vec4 v0x55e45fdfa220_0, 0, 5;
    %pushi/vec4 2, 0, 3;
    %store/vec4 v0x55e45fdf9d40_0, 0, 3;
    %pushi/vec4 0, 0, 7;
    %store/vec4 v0x55e45fdf9e40_0, 0, 7;
    %fork TD_bench.uut.RType, S_0x55e45fdf9b70;
    %join;
    %end;
S_0x55e45fdfb9f0 .scope task, "SLTI" "SLTI" 4 180, 4 180 0, S_0x55e45fdaea40;
 .timescale 0 0;
v0x55e45fdfbbc0_0 .var "imm", 31 0;
v0x55e45fdfbcc0_0 .var "rd", 4 0;
v0x55e45fdfbda0_0 .var "rs1", 4 0;
TD_bench.uut.SLTI ;
    %pushi/vec4 19, 0, 7;
    %store/vec4 v0x55e45fdf5140_0, 0, 7;
    %load/vec4 v0x55e45fdfbcc0_0;
    %store/vec4 v0x55e45fdf5230_0, 0, 5;
    %load/vec4 v0x55e45fdfbda0_0;
    %store/vec4 v0x55e45fdf5310_0, 0, 5;
    %load/vec4 v0x55e45fdfbbc0_0;
    %store/vec4 v0x55e45fdf5060_0, 0, 32;
    %pushi/vec4 2, 0, 3;
    %store/vec4 v0x55e45fdf4f60_0, 0, 3;
    %fork TD_bench.uut.IType, S_0x55e45fdf4d90;
    %join;
    %end;
S_0x55e45fdfbe90 .scope task, "SLTIU" "SLTIU" 4 189, 4 189 0, S_0x55e45fdaea40;
 .timescale 0 0;
v0x55e45fdfc060_0 .var "imm", 31 0;
v0x55e45fdfc160_0 .var "rd", 4 0;
v0x55e45fdfc240_0 .var "rs1", 4 0;
TD_bench.uut.SLTIU ;
    %pushi/vec4 19, 0, 7;
    %store/vec4 v0x55e45fdf5140_0, 0, 7;
    %load/vec4 v0x55e45fdfc160_0;
    %store/vec4 v0x55e45fdf5230_0, 0, 5;
    %load/vec4 v0x55e45fdfc240_0;
    %store/vec4 v0x55e45fdf5310_0, 0, 5;
    %load/vec4 v0x55e45fdfc060_0;
    %store/vec4 v0x55e45fdf5060_0, 0, 32;
    %pushi/vec4 3, 0, 3;
    %store/vec4 v0x55e45fdf4f60_0, 0, 3;
    %fork TD_bench.uut.IType, S_0x55e45fdf4d90;
    %join;
    %end;
S_0x55e45fdfc330 .scope task, "SLTU" "SLTU" 4 110, 4 110 0, S_0x55e45fdaea40;
 .timescale 0 0;
v0x55e45fdfc500_0 .var "rd", 4 0;
v0x55e45fdfc600_0 .var "rs1", 4 0;
v0x55e45fdfc6e0_0 .var "rs2", 4 0;
TD_bench.uut.SLTU ;
    %pushi/vec4 51, 0, 7;
    %store/vec4 v0x55e45fdf9f20_0, 0, 7;
    %load/vec4 v0x55e45fdfc500_0;
    %store/vec4 v0x55e45fdfa010_0, 0, 5;
    %load/vec4 v0x55e45fdfc600_0;
    %store/vec4 v0x55e45fdfa0f0_0, 0, 5;
    %load/vec4 v0x55e45fdfc6e0_0;
    %store/vec4 v0x55e45fdfa220_0, 0, 5;
    %pushi/vec4 3, 0, 3;
    %store/vec4 v0x55e45fdf9d40_0, 0, 3;
    %pushi/vec4 0, 0, 7;
    %store/vec4 v0x55e45fdf9e40_0, 0, 7;
    %fork TD_bench.uut.RType, S_0x55e45fdf9b70;
    %join;
    %end;
S_0x55e45fdfc7d0 .scope task, "SRA" "SRA" 4 131, 4 131 0, S_0x55e45fdaea40;
 .timescale 0 0;
v0x55e45fdfc9a0_0 .var "rd", 4 0;
v0x55e45fdfcaa0_0 .var "rs1", 4 0;
v0x55e45fdfcb80_0 .var "rs2", 4 0;
TD_bench.uut.SRA ;
    %pushi/vec4 51, 0, 7;
    %store/vec4 v0x55e45fdf9f20_0, 0, 7;
    %load/vec4 v0x55e45fdfc9a0_0;
    %store/vec4 v0x55e45fdfa010_0, 0, 5;
    %load/vec4 v0x55e45fdfcaa0_0;
    %store/vec4 v0x55e45fdfa0f0_0, 0, 5;
    %load/vec4 v0x55e45fdfcb80_0;
    %store/vec4 v0x55e45fdfa220_0, 0, 5;
    %pushi/vec4 5, 0, 3;
    %store/vec4 v0x55e45fdf9d40_0, 0, 3;
    %pushi/vec4 2, 0, 7;
    %store/vec4 v0x55e45fdf9e40_0, 0, 7;
    %fork TD_bench.uut.RType, S_0x55e45fdf9b70;
    %join;
    %end;
S_0x55e45fdfcc70 .scope task, "SRAI" "SRAI" 4 246, 4 246 0, S_0x55e45fdaea40;
 .timescale 0 0;
v0x55e45fdfce40_0 .var "imm", 31 0;
v0x55e45fdfcf40_0 .var "rd", 4 0;
v0x55e45fdfd020_0 .var "rs1", 4 0;
TD_bench.uut.SRAI ;
    %pushi/vec4 19, 0, 7;
    %store/vec4 v0x55e45fdf9f20_0, 0, 7;
    %load/vec4 v0x55e45fdfcf40_0;
    %store/vec4 v0x55e45fdfa010_0, 0, 5;
    %load/vec4 v0x55e45fdfd020_0;
    %store/vec4 v0x55e45fdfa0f0_0, 0, 5;
    %load/vec4 v0x55e45fdfce40_0;
    %parti/s 5, 0, 2;
    %store/vec4 v0x55e45fdfa220_0, 0, 5;
    %pushi/vec4 5, 0, 3;
    %store/vec4 v0x55e45fdf9d40_0, 0, 3;
    %pushi/vec4 32, 0, 7;
    %store/vec4 v0x55e45fdf9e40_0, 0, 7;
    %fork TD_bench.uut.RType, S_0x55e45fdf9b70;
    %join;
    %end;
S_0x55e45fdfd110 .scope task, "SRL" "SRL" 4 124, 4 124 0, S_0x55e45fdaea40;
 .timescale 0 0;
v0x55e45fdfd2e0_0 .var "rd", 4 0;
v0x55e45fdfd3e0_0 .var "rs1", 4 0;
v0x55e45fdfd4c0_0 .var "rs2", 4 0;
TD_bench.uut.SRL ;
    %pushi/vec4 51, 0, 7;
    %store/vec4 v0x55e45fdf9f20_0, 0, 7;
    %load/vec4 v0x55e45fdfd2e0_0;
    %store/vec4 v0x55e45fdfa010_0, 0, 5;
    %load/vec4 v0x55e45fdfd3e0_0;
    %store/vec4 v0x55e45fdfa0f0_0, 0, 5;
    %load/vec4 v0x55e45fdfd4c0_0;
    %store/vec4 v0x55e45fdfa220_0, 0, 5;
    %pushi/vec4 5, 0, 3;
    %store/vec4 v0x55e45fdf9d40_0, 0, 3;
    %pushi/vec4 0, 0, 7;
    %store/vec4 v0x55e45fdf9e40_0, 0, 7;
    %fork TD_bench.uut.RType, S_0x55e45fdf9b70;
    %join;
    %end;
S_0x55e45fdfd5b0 .scope task, "SRLI" "SRLI" 4 237, 4 237 0, S_0x55e45fdaea40;
 .timescale 0 0;
v0x55e45fdfd780_0 .var "imm", 31 0;
v0x55e45fdfd880_0 .var "rd", 4 0;
v0x55e45fdfd960_0 .var "rs1", 4 0;
TD_bench.uut.SRLI ;
    %pushi/vec4 19, 0, 7;
    %store/vec4 v0x55e45fdf9f20_0, 0, 7;
    %load/vec4 v0x55e45fdfd880_0;
    %store/vec4 v0x55e45fdfa010_0, 0, 5;
    %load/vec4 v0x55e45fdfd960_0;
    %store/vec4 v0x55e45fdfa0f0_0, 0, 5;
    %load/vec4 v0x55e45fdfd780_0;
    %parti/s 5, 0, 2;
    %store/vec4 v0x55e45fdfa220_0, 0, 5;
    %pushi/vec4 5, 0, 3;
    %store/vec4 v0x55e45fdf9d40_0, 0, 3;
    %pushi/vec4 0, 0, 7;
    %store/vec4 v0x55e45fdf9e40_0, 0, 7;
    %fork TD_bench.uut.RType, S_0x55e45fdf9b70;
    %join;
    %end;
S_0x55e45fdfda50 .scope task, "SType" "SType" 4 451, 4 451 0, S_0x55e45fdaea40;
 .timescale 0 0;
v0x55e45fdfdc20_0 .var "funct3", 2 0;
v0x55e45fdfdd20_0 .var "imm", 31 0;
v0x55e45fdfde00_0 .var "opcode", 6 0;
v0x55e45fdfdef0_0 .var "rs1", 4 0;
v0x55e45fdfdfd0_0 .var "rs2", 4 0;
TD_bench.uut.SType ;
    %load/vec4 v0x55e45fdfdd20_0;
    %parti/s 7, 5, 4;
    %load/vec4 v0x55e45fdfdfd0_0;
    %concat/vec4; draw_concat_vec4
    %load/vec4 v0x55e45fdfdef0_0;
    %concat/vec4; draw_concat_vec4
    %load/vec4 v0x55e45fdfdc20_0;
    %concat/vec4; draw_concat_vec4
    %load/vec4 v0x55e45fdfdd20_0;
    %parti/s 5, 0, 2;
    %concat/vec4; draw_concat_vec4
    %load/vec4 v0x55e45fdfde00_0;
    %concat/vec4; draw_concat_vec4
    %load/vec4 v0x55e45fe051b0_0;
    %parti/s 30, 2, 3;
    %ix/vec4 4;
    %store/vec4a v0x55e45fe00030, 4, 0;
    %load/vec4 v0x55e45fe051b0_0;
    %addi 4, 0, 32;
    %store/vec4 v0x55e45fe051b0_0, 0, 32;
    %end;
S_0x55e45fdfe100 .scope task, "SUB" "SUB" 4 89, 4 89 0, S_0x55e45fdaea40;
 .timescale 0 0;
v0x55e45fdfe2d0_0 .var "rd", 4 0;
v0x55e45fdfe3d0_0 .var "rs1", 4 0;
v0x55e45fdfe4b0_0 .var "rs2", 4 0;
TD_bench.uut.SUB ;
    %pushi/vec4 51, 0, 7;
    %store/vec4 v0x55e45fdf9f20_0, 0, 7;
    %load/vec4 v0x55e45fdfe2d0_0;
    %store/vec4 v0x55e45fdfa010_0, 0, 5;
    %load/vec4 v0x55e45fdfe3d0_0;
    %store/vec4 v0x55e45fdfa0f0_0, 0, 5;
    %load/vec4 v0x55e45fdfe4b0_0;
    %store/vec4 v0x55e45fdfa220_0, 0, 5;
    %pushi/vec4 0, 0, 3;
    %store/vec4 v0x55e45fdf9d40_0, 0, 3;
    %pushi/vec4 32, 0, 7;
    %store/vec4 v0x55e45fdf9e40_0, 0, 7;
    %fork TD_bench.uut.RType, S_0x55e45fdf9b70;
    %join;
    %end;
S_0x55e45fdfe570 .scope task, "SW" "SW" 4 487, 4 487 0, S_0x55e45fdaea40;
 .timescale 0 0;
v0x55e45fdfe740_0 .var "imm", 31 0;
v0x55e45fdfe840_0 .var "rs1", 4 0;
v0x55e45fdfe920_0 .var "rs2", 4 0;
TD_bench.uut.SW ;
    %pushi/vec4 35, 0, 7;
    %store/vec4 v0x55e45fdfde00_0, 0, 7;
    %load/vec4 v0x55e45fdfe920_0;
    %store/vec4 v0x55e45fdfdef0_0, 0, 5;
    %load/vec4 v0x55e45fdfe840_0;
    %store/vec4 v0x55e45fdfdfd0_0, 0, 5;
    %load/vec4 v0x55e45fdfe740_0;
    %store/vec4 v0x55e45fdfdd20_0, 0, 32;
    %pushi/vec4 2, 0, 3;
    %store/vec4 v0x55e45fdfdc20_0, 0, 3;
    %fork TD_bench.uut.SType, S_0x55e45fdfda50;
    %join;
    %end;
S_0x55e45fdfea10 .scope task, "UType" "UType" 4 368, 4 368 0, S_0x55e45fdaea40;
 .timescale 0 0;
v0x55e45fdfebe0_0 .var "imm", 31 0;
v0x55e45fdfece0_0 .var "opcode", 6 0;
v0x55e45fdfedc0_0 .var "rd", 4 0;
TD_bench.uut.UType ;
    %load/vec4 v0x55e45fdfebe0_0;
    %parti/s 20, 12, 5;
    %load/vec4 v0x55e45fdfedc0_0;
    %concat/vec4; draw_concat_vec4
    %load/vec4 v0x55e45fdfece0_0;
    %concat/vec4; draw_concat_vec4
    %load/vec4 v0x55e45fe051b0_0;
    %parti/s 30, 2, 3;
    %ix/vec4 4;
    %store/vec4a v0x55e45fe00030, 4, 0;
    %load/vec4 v0x55e45fe051b0_0;
    %addi 4, 0, 32;
    %store/vec4 v0x55e45fe051b0_0, 0, 32;
    %end;
S_0x55e45fdfeeb0 .scope task, "XOR" "XOR" 4 117, 4 117 0, S_0x55e45fdaea40;
 .timescale 0 0;
v0x55e45fdff080_0 .var "rd", 4 0;
v0x55e45fdff180_0 .var "rs1", 4 0;
v0x55e45fdff260_0 .var "rs2", 4 0;
TD_bench.uut.XOR ;
    %pushi/vec4 51, 0, 7;
    %store/vec4 v0x55e45fdf9f20_0, 0, 7;
    %load/vec4 v0x55e45fdff080_0;
    %store/vec4 v0x55e45fdfa010_0, 0, 5;
    %load/vec4 v0x55e45fdff180_0;
    %store/vec4 v0x55e45fdfa0f0_0, 0, 5;
    %load/vec4 v0x55e45fdff260_0;
    %store/vec4 v0x55e45fdfa220_0, 0, 5;
    %pushi/vec4 4, 0, 3;
    %store/vec4 v0x55e45fdf9d40_0, 0, 3;
    %pushi/vec4 0, 0, 7;
    %store/vec4 v0x55e45fdf9e40_0, 0, 7;
    %fork TD_bench.uut.RType, S_0x55e45fdf9b70;
    %join;
    %end;
S_0x55e45fdff350 .scope task, "XORI" "XORI" 4 198, 4 198 0, S_0x55e45fdaea40;
 .timescale 0 0;
v0x55e45fdff520_0 .var "imm", 31 0;
v0x55e45fdff620_0 .var "rd", 4 0;
v0x55e45fdff700_0 .var "rs1", 4 0;
TD_bench.uut.XORI ;
    %pushi/vec4 19, 0, 7;
    %store/vec4 v0x55e45fdf5140_0, 0, 7;
    %load/vec4 v0x55e45fdff620_0;
    %store/vec4 v0x55e45fdf5230_0, 0, 5;
    %load/vec4 v0x55e45fdff700_0;
    %store/vec4 v0x55e45fdf5310_0, 0, 5;
    %load/vec4 v0x55e45fdff520_0;
    %store/vec4 v0x55e45fdf5060_0, 0, 32;
    %pushi/vec4 4, 0, 3;
    %store/vec4 v0x55e45fdf4f60_0, 0, 3;
    %fork TD_bench.uut.IType, S_0x55e45fdf4d90;
    %join;
    %end;
S_0x55e45fdff7f0 .scope task, "endASM" "endASM" 4 635, 4 635 0, S_0x55e45fdaea40;
 .timescale 0 0;
TD_bench.uut.endASM ;
    %load/vec4 v0x55e45fdff9c0_0;
    %cmpi/ne 0, 0, 32;
    %jmp/0xz  T_66.12, 4;
    %vpi_call 4 641 "$finish" {0 0 0};
T_66.12 ;
    %end;
    .scope S_0x55e45fdf3470;
T_67 ;
    %pushi/vec4 0, 0, 18;
    %store/vec4 v0x55e45fdf3770_0, 0, 18;
    %end;
    .thread T_67;
    .scope S_0x55e45fdf3470;
T_68 ;
    %wait E_0x55e45fd55910;
    %load/vec4 v0x55e45fdf3770_0;
    %addi 1, 0, 18;
    %assign/vec4 v0x55e45fdf3770_0, 0;
    %jmp T_68;
    .thread T_68;
    .scope S_0x55e45fdaea40;
T_69 ;
    %pushi/vec4 0, 0, 32;
    %store/vec4 v0x55e45fe000f0_0, 0, 32;
    %pushi/vec4 0, 0, 32;
    %store/vec4 v0x55e45fdff9c0_0, 0, 32;
    %pushi/vec4 8, 0, 32;
    %store/vec4 v0x55e45fdffe70_0, 0, 32;
    %pushi/vec4 0, 0, 2;
    %store/vec4 v0x55e45fe05960_0, 0, 2;
    %end;
    .thread T_69;
    .scope S_0x55e45fdaea40;
T_70 ;
    %pushi/vec4 0, 0, 32;
    %store/vec4 v0x55e45fe051b0_0, 0, 32;
    %end;
    .thread T_70;
    .scope S_0x55e45fdaea40;
T_71 ;
    %pushi/vec4 1, 0, 5;
    %store/vec4 v0x55e45fdcd620_0, 0, 5;
    %pushi/vec4 0, 0, 5;
    %store/vec4 v0x55e45fded910_0, 0, 5;
    %pushi/vec4 0, 0, 5;
    %store/vec4 v0x55e45fded9f0_0, 0, 5;
    %fork TD_bench.uut.ADD, S_0x55e45fdaf630;
    %join;
    %pushi/vec4 2, 0, 5;
    %store/vec4 v0x55e45fdedc30_0, 0, 5;
    %pushi/vec4 0, 0, 5;
    %store/vec4 v0x55e45fdedd10_0, 0, 5;
    %pushi/vec4 32, 0, 32;
    %store/vec4 v0x55e45fdedb50_0, 0, 32;
    %fork TD_bench.uut.ADDI, S_0x55e45fdb0220;
    %join;
    %load/vec4 v0x55e45fdffe70_0;
    %store/vec4 v0x55e45fdf8630_0, 0, 32;
    %fork TD_bench.uut.Label, S_0x55e45fdf8460;
    %join;
    %load/vec4 v0x55e45fdf8630_0;
    %store/vec4 v0x55e45fdffe70_0, 0, 32;
    %pushi/vec4 1, 0, 5;
    %store/vec4 v0x55e45fdedc30_0, 0, 5;
    %pushi/vec4 1, 0, 5;
    %store/vec4 v0x55e45fdedd10_0, 0, 5;
    %pushi/vec4 1, 0, 32;
    %store/vec4 v0x55e45fdedb50_0, 0, 32;
    %fork TD_bench.uut.ADDI, S_0x55e45fdb0220;
    %join;
    %pushi/vec4 1, 0, 5;
    %store/vec4 v0x55e45fdf0710_0, 0, 5;
    %pushi/vec4 2, 0, 5;
    %store/vec4 v0x55e45fdf07f0_0, 0, 5;
    %load/vec4 v0x55e45fdffe70_0;
    %store/vec4 v0x55e45fdf8900_0, 0, 32;
    %fork TD_bench.uut.LabelRef, S_0x55e45fdf8730;
    %join;
    %load/vec4  v0x55e45fdf8a00_0;
    %store/vec4 v0x55e45fdf0610_0, 0, 32;
    %fork TD_bench.uut.BNE, S_0x55e45fdf0440;
    %join;
    %fork TD_bench.uut.EBREAK, S_0x55e45fdf4470;
    %join;
    %fork TD_bench.uut.endASM, S_0x55e45fdff7f0;
    %join;
    %end;
    .thread T_71;
    .scope S_0x55e45fdaea40;
T_72 ;
    %pushi/vec4 0, 0, 32;
    %store/vec4 v0x55e45fe04790_0, 0, 32;
T_72.0 ;
    %load/vec4 v0x55e45fe04790_0;
    %cmpi/s 32, 0, 32;
    %jmp/0xz T_72.1, 5;
    %pushi/vec4 0, 0, 32;
    %ix/getv/s 4, v0x55e45fe04790_0;
    %store/vec4a v0x55e45fe00310, 4, 0;
    %load/vec4 v0x55e45fe04790_0;
    %pushi/vec4 1, 0, 32;
    %add;
    %store/vec4 v0x55e45fe04790_0, 0, 32;
    %jmp T_72.0;
T_72.1 ;
    %end;
    .thread T_72;
    .scope S_0x55e45fdaea40;
T_73 ;
    %wait E_0x55e45fcfbe80;
    %load/vec4 v0x55e45fe045f0_0;
    %dup/vec4;
    %pushi/vec4 0, 0, 3;
    %cmp/u;
    %jmp/1 T_73.0, 6;
    %dup/vec4;
    %pushi/vec4 1, 0, 3;
    %cmp/u;
    %jmp/1 T_73.1, 6;
    %dup/vec4;
    %pushi/vec4 2, 0, 3;
    %cmp/u;
    %jmp/1 T_73.2, 6;
    %dup/vec4;
    %pushi/vec4 3, 0, 3;
    %cmp/u;
    %jmp/1 T_73.3, 6;
    %dup/vec4;
    %pushi/vec4 4, 0, 3;
    %cmp/u;
    %jmp/1 T_73.4, 6;
    %dup/vec4;
    %pushi/vec4 5, 0, 3;
    %cmp/u;
    %jmp/1 T_73.5, 6;
    %dup/vec4;
    %pushi/vec4 6, 0, 3;
    %cmp/u;
    %jmp/1 T_73.6, 6;
    %dup/vec4;
    %pushi/vec4 7, 0, 3;
    %cmp/u;
    %jmp/1 T_73.7, 6;
    %jmp T_73.8;
T_73.0 ;
    %load/vec4 v0x55e45fe046b0_0;
    %parti/s 1, 5, 4;
    %load/vec4 v0x55e45fe04870_0;
    %parti/s 1, 5, 4;
    %and;
    %flag_set/vec4 8;
    %jmp/0 T_73.9, 8;
    %load/vec4 v0x55e45fe04280_0;
    %load/vec4 v0x55e45fe04360_0;
    %sub;
    %jmp/1 T_73.10, 8;
T_73.9 ; End of true expr.
    %load/vec4 v0x55e45fe04280_0;
    %load/vec4 v0x55e45fe04360_0;
    %add;
    %jmp/0 T_73.10, 8;
 ; End of false expr.
    %blend;
T_73.10;
    %store/vec4 v0x55e45fe04440_0, 0, 32;
    %jmp T_73.8;
T_73.1 ;
    %load/vec4 v0x55e45fe04280_0;
    %ix/getv 4, v0x55e45fe05880_0;
    %shiftl 4;
    %store/vec4 v0x55e45fe04440_0, 0, 32;
    %jmp T_73.8;
T_73.2 ;
    %load/vec4 v0x55e45fe04280_0;
    %load/vec4 v0x55e45fe04360_0;
    %cmp/s;
    %flag_get/vec4 5;
    %pad/u 32;
    %store/vec4 v0x55e45fe04440_0, 0, 32;
    %jmp T_73.8;
T_73.3 ;
    %load/vec4 v0x55e45fe04280_0;
    %load/vec4 v0x55e45fe04360_0;
    %cmp/u;
    %flag_get/vec4 5;
    %pad/u 32;
    %store/vec4 v0x55e45fe04440_0, 0, 32;
    %jmp T_73.8;
T_73.4 ;
    %load/vec4 v0x55e45fe04280_0;
    %load/vec4 v0x55e45fe04360_0;
    %xor;
    %store/vec4 v0x55e45fe04440_0, 0, 32;
    %jmp T_73.8;
T_73.5 ;
    %load/vec4 v0x55e45fe046b0_0;
    %parti/s 1, 5, 4;
    %flag_set/vec4 8;
    %jmp/0 T_73.11, 8;
    %load/vec4 v0x55e45fe04280_0;
    %ix/getv 4, v0x55e45fe05880_0;
    %shiftr/s 4;
    %jmp/1 T_73.12, 8;
T_73.11 ; End of true expr.
    %load/vec4 v0x55e45fe04280_0;
    %ix/getv 4, v0x55e45fe05880_0;
    %shiftr 4;
    %jmp/0 T_73.12, 8;
 ; End of false expr.
    %blend;
T_73.12;
    %store/vec4 v0x55e45fe04440_0, 0, 32;
    %jmp T_73.8;
T_73.6 ;
    %load/vec4 v0x55e45fe04280_0;
    %load/vec4 v0x55e45fe04360_0;
    %or;
    %store/vec4 v0x55e45fe04440_0, 0, 32;
    %jmp T_73.8;
T_73.7 ;
    %load/vec4 v0x55e45fe04280_0;
    %load/vec4 v0x55e45fe04360_0;
    %and;
    %store/vec4 v0x55e45fe04440_0, 0, 32;
    %jmp T_73.8;
T_73.8 ;
    %pop/vec4 1;
    %jmp T_73;
    .thread T_73, $push;
    .scope S_0x55e45fdaea40;
T_74 ;
    %wait E_0x55e45fcfbc80;
    %load/vec4 v0x55e45fe045f0_0;
    %dup/vec4;
    %pushi/vec4 0, 0, 3;
    %cmp/u;
    %jmp/1 T_74.0, 6;
    %dup/vec4;
    %pushi/vec4 1, 0, 3;
    %cmp/u;
    %jmp/1 T_74.1, 6;
    %dup/vec4;
    %pushi/vec4 4, 0, 3;
    %cmp/u;
    %jmp/1 T_74.2, 6;
    %dup/vec4;
    %pushi/vec4 5, 0, 3;
    %cmp/u;
    %jmp/1 T_74.3, 6;
    %dup/vec4;
    %pushi/vec4 6, 0, 3;
    %cmp/u;
    %jmp/1 T_74.4, 6;
    %dup/vec4;
    %pushi/vec4 7, 0, 3;
    %cmp/u;
    %jmp/1 T_74.5, 6;
    %pushi/vec4 0, 0, 1;
    %store/vec4 v0x55e45fe05a40_0, 0, 1;
    %jmp T_74.7;
T_74.0 ;
    %load/vec4 v0x55e45fe05520_0;
    %load/vec4 v0x55e45fe056c0_0;
    %cmp/e;
    %flag_get/vec4 4;
    %store/vec4 v0x55e45fe05a40_0, 0, 1;
    %jmp T_74.7;
T_74.1 ;
    %load/vec4 v0x55e45fe05520_0;
    %load/vec4 v0x55e45fe056c0_0;
    %cmp/e;
    %flag_get/vec4 4;
    %inv;
    %store/vec4 v0x55e45fe05a40_0, 0, 1;
    %jmp T_74.7;
T_74.2 ;
    %load/vec4 v0x55e45fe05520_0;
    %load/vec4 v0x55e45fe056c0_0;
    %cmp/s;
    %flag_get/vec4 5;
    %store/vec4 v0x55e45fe05a40_0, 0, 1;
    %jmp T_74.7;
T_74.3 ;
    %load/vec4 v0x55e45fe056c0_0;
    %load/vec4 v0x55e45fe05520_0;
    %cmp/s;
    %flag_get/vec4 4;
    %flag_get/vec4 5;
    %or;
    %store/vec4 v0x55e45fe05a40_0, 0, 1;
    %jmp T_74.7;
T_74.4 ;
    %load/vec4 v0x55e45fe05520_0;
    %load/vec4 v0x55e45fe056c0_0;
    %cmp/u;
    %flag_get/vec4 5;
    %store/vec4 v0x55e45fe05a40_0, 0, 1;
    %jmp T_74.7;
T_74.5 ;
    %load/vec4 v0x55e45fe056c0_0;
    %load/vec4 v0x55e45fe05520_0;
    %cmp/u;
    %flag_get/vec4 4;
    %flag_get/vec4 5;
    %or;
    %store/vec4 v0x55e45fe05a40_0, 0, 1;
    %jmp T_74.7;
T_74.7 ;
    %pop/vec4 1;
    %jmp T_74;
    .thread T_74, $push;
    .scope S_0x55e45fdaea40;
T_75 ;
    %wait E_0x55e45fd43780;
    %load/vec4 v0x55e45fe05450_0;
    %nor/r;
    %flag_set/vec4 8;
    %jmp/0xz  T_75.0, 8;
    %pushi/vec4 0, 0, 32;
    %assign/vec4 v0x55e45fe000f0_0, 0;
    %pushi/vec4 0, 0, 2;
    %assign/vec4 v0x55e45fe05960_0, 0;
    %pushi/vec4 51, 0, 32;
    %assign/vec4 v0x55e45fe04870_0, 0;
    %jmp T_75.1;
T_75.0 ;
    %load/vec4 v0x55e45fe05be0_0;
    %load/vec4 v0x55e45fe05370_0;
    %pad/u 32;
    %pushi/vec4 0, 0, 32;
    %cmp/e;
    %flag_get/vec4 4;
    %inv;
    %and;
    %flag_set/vec4 8;
    %jmp/0xz  T_75.2, 8;
    %load/vec4 v0x55e45fe05b00_0;
    %load/vec4 v0x55e45fe05370_0;
    %pad/u 7;
    %ix/vec4 3;
    %ix/load 4, 0, 0; Constant delay
    %assign/vec4/a/d v0x55e45fe00310, 0, 4;
    %load/vec4 v0x55e45fe05370_0;
    %pad/u 32;
    %cmpi/e 1, 0, 32;
    %jmp/0xz  T_75.4, 4;
    %load/vec4 v0x55e45fe05b00_0;
    %pad/u 5;
    %assign/vec4 v0x55e45fe050d0_0, 0;
T_75.4 ;
    %vpi_call 3 143 "$display", "x%0d <= %b", v0x55e45fe05370_0, v0x55e45fe05b00_0 {0 0 0};
T_75.2 ;
    %load/vec4 v0x55e45fe05960_0;
    %dup/vec4;
    %pushi/vec4 0, 0, 2;
    %cmp/u;
    %jmp/1 T_75.6, 6;
    %dup/vec4;
    %pushi/vec4 1, 0, 2;
    %cmp/u;
    %jmp/1 T_75.7, 6;
    %dup/vec4;
    %pushi/vec4 2, 0, 2;
    %cmp/u;
    %jmp/1 T_75.8, 6;
    %jmp T_75.9;
T_75.6 ;
    %load/vec4 v0x55e45fe000f0_0;
    %parti/s 30, 2, 3;
    %ix/vec4 4;
    %load/vec4a v0x55e45fe00030, 4;
    %assign/vec4 v0x55e45fe04870_0, 0;
    %pushi/vec4 1, 0, 2;
    %assign/vec4 v0x55e45fe05960_0, 0;
    %jmp T_75.9;
T_75.7 ;
    %load/vec4 v0x55e45fe055e0_0;
    %pad/u 7;
    %ix/vec4 4;
    %load/vec4a v0x55e45fe00310, 4;
    %assign/vec4 v0x55e45fe05520_0, 0;
    %load/vec4 v0x55e45fe057a0_0;
    %pad/u 7;
    %ix/vec4 4;
    %load/vec4a v0x55e45fe00310, 4;
    %assign/vec4 v0x55e45fe056c0_0, 0;
    %pushi/vec4 2, 0, 2;
    %assign/vec4 v0x55e45fe05960_0, 0;
    %jmp T_75.9;
T_75.8 ;
    %load/vec4 v0x55e45fe04f50_0;
    %nor/r;
    %flag_set/vec4 8;
    %jmp/0xz  T_75.10, 8;
    %load/vec4 v0x55e45fe05290_0;
    %assign/vec4 v0x55e45fe000f0_0, 0;
T_75.10 ;
    %pushi/vec4 0, 0, 2;
    %assign/vec4 v0x55e45fe05960_0, 0;
    %load/vec4 v0x55e45fe04f50_0;
    %flag_set/vec4 8;
    %jmp/0xz  T_75.12, 8;
    %vpi_call 3 163 "$finish" {0 0 0};
T_75.12 ;
    %jmp T_75.9;
T_75.9 ;
    %pop/vec4 1;
T_75.1 ;
    %jmp T_75;
    .thread T_75;
    .scope S_0x55e45fdaea40;
T_76 ;
    %wait E_0x55e45fd43780;
    %load/vec4 v0x55e45fe05960_0;
    %pad/u 32;
    %cmpi/e 1, 0, 32;
    %jmp/0xz  T_76.0, 4;
    %pushi/vec4 1, 0, 1;
    %dup/vec4;
    %load/vec4 v0x55e45fe04a10_0;
    %cmp/u;
    %jmp/1 T_76.2, 6;
    %dup/vec4;
    %load/vec4 v0x55e45fe04950_0;
    %cmp/u;
    %jmp/1 T_76.3, 6;
    %dup/vec4;
    %load/vec4 v0x55e45fe04b90_0;
    %cmp/u;
    %jmp/1 T_76.4, 6;
    %dup/vec4;
    %load/vec4 v0x55e45fe04c50_0;
    %cmp/u;
    %jmp/1 T_76.5, 6;
    %dup/vec4;
    %load/vec4 v0x55e45fe04d10_0;
    %cmp/u;
    %jmp/1 T_76.6, 6;
    %dup/vec4;
    %load/vec4 v0x55e45fe04ad0_0;
    %cmp/u;
    %jmp/1 T_76.7, 6;
    %dup/vec4;
    %load/vec4 v0x55e45fe04dd0_0;
    %cmp/u;
    %jmp/1 T_76.8, 6;
    %dup/vec4;
    %load/vec4 v0x55e45fe04e90_0;
    %cmp/u;
    %jmp/1 T_76.9, 6;
    %dup/vec4;
    %load/vec4 v0x55e45fe05010_0;
    %cmp/u;
    %jmp/1 T_76.10, 6;
    %dup/vec4;
    %load/vec4 v0x55e45fe04f50_0;
    %cmp/u;
    %jmp/1 T_76.11, 6;
    %jmp T_76.12;
T_76.2 ;
    %vpi_call 3 176 "$display", "ALUreg rd=%d rs1=%d rs2=%d funct3=%b", v0x55e45fe05370_0, v0x55e45fe055e0_0, v0x55e45fe057a0_0, v0x55e45fe045f0_0 {0 0 0};
    %jmp T_76.12;
T_76.3 ;
    %vpi_call 3 177 "$display", "ALUimm rd=%d rs1=%d imm=%0d funct3=%b", v0x55e45fe05370_0, v0x55e45fe055e0_0, v0x55e45fdffca0_0, v0x55e45fe045f0_0 {0 0 0};
    %jmp T_76.12;
T_76.4 ;
    %vpi_call 3 178 "$display", "BRANCH" {0 0 0};
    %jmp T_76.12;
T_76.5 ;
    %vpi_call 3 179 "$display", "JAL" {0 0 0};
    %jmp T_76.12;
T_76.6 ;
    %vpi_call 3 180 "$display", "JALR" {0 0 0};
    %jmp T_76.12;
T_76.7 ;
    %vpi_call 3 181 "$display", "AUIPC" {0 0 0};
    %jmp T_76.12;
T_76.8 ;
    %vpi_call 3 182 "$display", "LUI" {0 0 0};
    %jmp T_76.12;
T_76.9 ;
    %vpi_call 3 183 "$display", "LOAD" {0 0 0};
    %jmp T_76.12;
T_76.10 ;
    %vpi_call 3 184 "$display", "STORE" {0 0 0};
    %jmp T_76.12;
T_76.11 ;
    %vpi_call 3 185 "$display", "SYSTEM" {0 0 0};
    %jmp T_76.12;
T_76.12 ;
    %pop/vec4 1;
    %load/vec4 v0x55e45fe04f50_0;
    %flag_set/vec4 8;
    %jmp/0xz  T_76.13, 8;
    %vpi_call 3 187 "$finish" {0 0 0};
T_76.13 ;
T_76.0 ;
    %jmp T_76;
    .thread T_76;
    .scope S_0x55e45fdb31e0;
T_77 ;
    %pushi/vec4 0, 0, 1;
    %store/vec4 v0x55e45fe06010_0, 0, 1;
    %pushi/vec4 0, 0, 5;
    %store/vec4 v0x55e45fe061a0_0, 0, 5;
    %end;
    .thread T_77;
    .scope S_0x55e45fdb31e0;
T_78 ;
    %pushi/vec4 0, 0, 1;
    %store/vec4 v0x55e45fe05d70_0, 0, 1;
T_78.0 ;
    %delay 1, 0;
    %load/vec4 v0x55e45fe05d70_0;
    %inv;
    %store/vec4 v0x55e45fe05d70_0, 0, 1;
    %load/vec4 v0x55e45fe05e30_0;
    %load/vec4 v0x55e45fe061a0_0;
    %cmp/ne;
    %jmp/0xz  T_78.1, 4;
    %vpi_call 2 22 "$display", "LEDS = %b", v0x55e45fe05e30_0 {0 0 0};
T_78.1 ;
    %load/vec4 v0x55e45fe05e30_0;
    %assign/vec4 v0x55e45fe061a0_0, 0;
    %jmp T_78.0;
    %end;
    .thread T_78;
# The file index is used to find the file name in the following table.
:file_names 6;
    "N/A";
    "<interactive>";
    "bench_iverilog.v";
    "soc.v";
    "./riscv_assembly.v";
    "./clockworks.v";
